<?xml version="1.0" encoding="UTF-8"?>
<robot generator="Robot 3.0 (Python 3.6.8 on darwin)" generated="20210816 09:44:07.498">
<suite id="s1" name="testSuite" source="/Users/user/Documents/rdb_test_autotool/intelligent_test_framework/auto_testcase_generator/api_testing_tool/TestSuite/testSuite.robot">
<test id="s1-t1" name="sum with two digits">
<kw name="Log" library="BuiltIn">
<doc>Logs the given message with the given level.</doc>
<arguments>
<arg>hello, RF</arg>
</arguments>
<msg timestamp="20210816 09:44:07.618" level="INFO">hello, RF</msg>
<status status="PASS" starttime="20210816 09:44:07.618" endtime="20210816 09:44:07.619"></status>
</kw>
<kw name="Evaluate" library="BuiltIn">
<doc>Evaluates the given expression in Python and returns the results.</doc>
<arguments>
<arg>12+13</arg>
</arguments>
<assign>
<var>${sum}</var>
</assign>
<msg timestamp="20210816 09:44:07.624" level="INFO">${sum} = 25</msg>
<status status="PASS" starttime="20210816 09:44:07.619" endtime="20210816 09:44:07.624"></status>
</kw>
<tags>
<tag>DEMO</tag>
</tags>
<status status="PASS" starttime="20210816 09:44:07.618" endtime="20210816 09:44:07.624" critical="yes"></status>
</test>
<test id="s1-t2" name="test GET request">
<kw name="Set Variable" library="BuiltIn">
<doc>Returns the given values which can then be assigned to a variables.</doc>
<arguments>
<arg>https://www.baidu.com/</arg>
</arguments>
<assign>
<var>${host_addr}</var>
</assign>
<msg timestamp="20210816 09:44:07.624" level="INFO">${host_addr} = https://www.baidu.com/</msg>
<status status="PASS" starttime="20210816 09:44:07.624" endtime="20210816 09:44:07.625"></status>
</kw>
<kw name="Create Session" library="RequestsLibrary">
<doc>Create Session: create a HTTP session to a server</doc>
<arguments>
<arg>InterfaceT</arg>
<arg>${host_addr}</arg>
</arguments>
<msg timestamp="20210816 09:44:07.625" level="INFO">Creating Session using : alias=InterfaceT, url=https://www.baidu.com/, headers={},                     cookies={}, auth=None, timeout=None, proxies=None, verify=False,                     debug=0 </msg>
<status status="PASS" starttime="20210816 09:44:07.625" endtime="20210816 09:44:07.625"></status>
</kw>
<kw name="Get On Session" library="RequestsLibrary">
<doc>Sends a GET request on a previously created HTTP Session.</doc>
<arguments>
<arg>InterfaceT</arg>
<arg>${host_addr}</arg>
</arguments>
<assign>
<var>${response}</var>
</assign>
<msg timestamp="20210816 09:44:08.162" level="INFO">GET Request : url=https://www.baidu.com/ 
 path_url=/ 
 headers={'User-Agent': 'python-requests/2.26.0', 'Accept-Encoding': 'gzip, deflate', 'Accept': '*/*', 'Connection': 'keep-alive'} 
 body=None 
 </msg>
<msg timestamp="20210816 09:44:08.162" level="INFO">GET Response : url=https://www.baidu.com/ 
 status=200, reason=OK 
 headers={'Cache-Control': 'private, no-cache, no-store, proxy-revalidate, no-transform', 'Connection': 'keep-alive', 'Content-Encoding': 'gzip', 'Content-Type': 'text/html', 'Date': 'Mon, 16 Aug 2021 01:44:08 GMT', 'Last-Modified': 'Mon, 23 Jan 2017 13:24:18 GMT', 'Pragma': 'no-cache', 'Server': 'bfe/1.0.8.18', 'Set-Cookie': 'BDORZ=27315; max-age=86400; domain=.baidu.com; path=/', 'Transfer-Encoding': 'chunked'} 
 body=&lt;!DOCTYPE html&gt;
&lt;!--STATUS OK--&gt;&lt;html&gt; &lt;head&gt;&lt;meta http-equiv=content-type content=text/html;charset=utf-8&gt;&lt;meta http-equiv=X-UA-Compatible content=IE=Edge&gt;&lt;meta content=always name=referrer&gt;&lt;link rel=stylesheet type=text/css href=https://ss1.bdstatic.com/5eN1bjq8AAUYm2zgoY3K/r/www/cache/bdorz/baidu.min.css&gt;&lt;title&gt;ç¾åº¦ä¸ä¸ï¼ä½ å°±ç¥é&lt;/title&gt;&lt;/head&gt; &lt;body link=#0000cc&gt; &lt;div id=wrapper&gt; &lt;div id=head&gt; &lt;div class=head_wrapper&gt; &lt;div class=s_form&gt; &lt;div class=s_form_wrapper&gt; &lt;div id=lg&gt; &lt;img hidefocus=true src=//www.baidu.com/img/bd_logo1.png width=270 height=129&gt; &lt;/div&gt; &lt;form id=form name=f action=//www.baidu.com/s class=fm&gt; &lt;input type=hidden name=bdorz_come value=1&gt; &lt;input type=hidden name=ie value=utf-8&gt; &lt;input type=hidden name=f value=8&gt; &lt;input type=hidden name=rsv_bp value=1&gt; &lt;input type=hidden name=rsv_idx value=1&gt; &lt;input type=hidden name=tn value=baidu&gt;&lt;span class="bg s_ipt_wr"&gt;&lt;input id=kw name=wd class=s_ipt value maxlength=255 autocomplete=off autofocus=autofocus&gt;&lt;/span&gt;&lt;span class="bg s_btn_wr"&gt;&lt;input type=submit id=su value=ç¾åº¦ä¸ä¸ class="bg s_btn" autofocus&gt;&lt;/span&gt; &lt;/form&gt; &lt;/div&gt; &lt;/div&gt; &lt;div id=u1&gt; &lt;a href=http://news.baidu.com name=tj_trnews class=mnav&gt;æ°é»&lt;/a&gt; &lt;a href=https://www.hao123.com name=tj_trhao123 class=mnav&gt;hao123&lt;/a&gt; &lt;a href=http://map.baidu.com name=tj_trmap class=mnav&gt;å°å¾&lt;/a&gt; &lt;a href=http://v.baidu.com name=tj_trvideo class=mnav&gt;è§é¢&lt;/a&gt; &lt;a href=http://tieba.baidu.com name=tj_trtieba class=mnav&gt;è´´å§&lt;/a&gt; &lt;noscript&gt; &lt;a href=http://www.baidu.com/bdorz/login.gif?login&amp;amp;tpl=mn&amp;amp;u=http%3A%2F%2Fwww.baidu.com%2f%3fbdorz_come%3d1 name=tj_login class=lb&gt;ç»å½&lt;/a&gt; &lt;/noscript&gt; &lt;script&gt;document.write('&lt;a href="http://www.baidu.com/bdorz/login.gif?login&amp;tpl=mn&amp;u='+ encodeURIComponent(window.location.href+ (window.location.search === "" ? "?" : "&amp;")+ "bdorz_come=1")+ '" name="tj_login" class="lb"&gt;ç»å½&lt;/a&gt;');
                &lt;/script&gt; &lt;a href=//www.baidu.com/more/ name=tj_briicon class=bri style="display: block;"&gt;æ´å¤äº§å&lt;/a&gt; &lt;/div&gt; &lt;/div&gt; &lt;/div&gt; &lt;div id=ftCon&gt; &lt;div id=ftConw&gt; &lt;p id=lh&gt; &lt;a href=http://home.baidu.com&gt;å³äºç¾åº¦&lt;/a&gt; &lt;a href=http://ir.baidu.com&gt;About Baidu&lt;/a&gt; &lt;/p&gt; &lt;p id=cp&gt;&amp;copy;2017&amp;nbsp;Baidu&amp;nbsp;&lt;a href=http://www.baidu.com/duty/&gt;ä½¿ç¨ç¾åº¦åå¿è¯»&lt;/a&gt;&amp;nbsp; &lt;a href=http://jianyi.baidu.com/ class=cp-feedback&gt;æè§åé¦&lt;/a&gt;&amp;nbsp;äº¬ICPè¯030173å·&amp;nbsp; &lt;img src=//www.baidu.com/img/gs.gif&gt; &lt;/p&gt; &lt;/div&gt; &lt;/div&gt; &lt;/div&gt; &lt;/body&gt; &lt;/html&gt;
 
 </msg>
<msg timestamp="20210816 09:44:08.163" level="INFO">/Library/Frameworks/Python.framework/Versions/3.6/lib/python3.6/site-packages/urllib3/connectionpool.py:1020: InsecureRequestWarning: Unverified HTTPS request is being made to host '10.69.60.221'. Adding certificate verification is strongly advised. See: https://urllib3.readthedocs.io/en/latest/advanced-usage.html#ssl-warnings
  InsecureRequestWarning,</msg>
<msg timestamp="20210816 09:44:08.163" level="INFO">${response} = &lt;Response [200]&gt;</msg>
<status status="PASS" starttime="20210816 09:44:07.625" endtime="20210816 09:44:08.163"></status>
</kw>
<kw name="Log" library="BuiltIn">
<doc>Logs the given message with the given level.</doc>
<arguments>
<arg>${response.content}</arg>
</arguments>
<msg timestamp="20210816 09:44:08.164" level="INFO">&lt;!DOCTYPE html&gt;
&lt;!--STATUS OK--&gt;&lt;html&gt; &lt;head&gt;&lt;meta http-equiv=content-type content=text/html;charset=utf-8&gt;&lt;meta http-equiv=X-UA-Compatible content=IE=Edge&gt;&lt;meta content=always name=referrer&gt;&lt;link rel=stylesheet type=text/css href=https://ss1.bdstatic.com/5eN1bjq8AAUYm2zgoY3K/r/www/cache/bdorz/baidu.min.css&gt;&lt;title&gt;\xe7\x99\xbe\xe5\xba\xa6\xe4\xb8\x80\xe4\xb8\x8b\xef\xbc\x8c\xe4\xbd\xa0\xe5\xb0\xb1\xe7\x9f\xa5\xe9\x81\x93&lt;/title&gt;&lt;/head&gt; &lt;body link=#0000cc&gt; &lt;div id=wrapper&gt; &lt;div id=head&gt; &lt;div class=head_wrapper&gt; &lt;div class=s_form&gt; &lt;div class=s_form_wrapper&gt; &lt;div id=lg&gt; &lt;img hidefocus=true src=//www.baidu.com/img/bd_logo1.png width=270 height=129&gt; &lt;/div&gt; &lt;form id=form name=f action=//www.baidu.com/s class=fm&gt; &lt;input type=hidden name=bdorz_come value=1&gt; &lt;input type=hidden name=ie value=utf-8&gt; &lt;input type=hidden name=f value=8&gt; &lt;input type=hidden name=rsv_bp value=1&gt; &lt;input type=hidden name=rsv_idx value=1&gt; &lt;input type=hidden name=tn value=baidu&gt;&lt;span class="bg s_ipt_wr"&gt;&lt;input id=kw name=wd class=s_ipt value maxlength=255 autocomplete=off autofocus=autofocus&gt;&lt;/span&gt;&lt;span class="bg s_btn_wr"&gt;&lt;input type=submit id=su value=\xe7\x99\xbe\xe5\xba\xa6\xe4\xb8\x80\xe4\xb8\x8b class="bg s_btn" autofocus&gt;&lt;/span&gt; &lt;/form&gt; &lt;/div&gt; &lt;/div&gt; &lt;div id=u1&gt; &lt;a href=http://news.baidu.com name=tj_trnews class=mnav&gt;\xe6\x96\xb0\xe9\x97\xbb&lt;/a&gt; &lt;a href=https://www.hao123.com name=tj_trhao123 class=mnav&gt;hao123&lt;/a&gt; &lt;a href=http://map.baidu.com name=tj_trmap class=mnav&gt;\xe5\x9c\xb0\xe5\x9b\xbe&lt;/a&gt; &lt;a href=http://v.baidu.com name=tj_trvideo class=mnav&gt;\xe8\xa7\x86\xe9\xa2\x91&lt;/a&gt; &lt;a href=http://tieba.baidu.com name=tj_trtieba class=mnav&gt;\xe8\xb4\xb4\xe5\x90\xa7&lt;/a&gt; &lt;noscript&gt; &lt;a href=http://www.baidu.com/bdorz/login.gif?login&amp;amp;tpl=mn&amp;amp;u=http%3A%2F%2Fwww.baidu.com%2f%3fbdorz_come%3d1 name=tj_login class=lb&gt;\xe7\x99\xbb\xe5\xbd\x95&lt;/a&gt; &lt;/noscript&gt; &lt;script&gt;document.write('&lt;a href="http://www.baidu.com/bdorz/login.gif?login&amp;tpl=mn&amp;u='+ encodeURIComponent(window.location.href+ (window.location.search === "" ? "?" : "&amp;")+ "bdorz_come=1")+ '" name="tj_login" class="lb"&gt;\xe7\x99\xbb\xe5\xbd\x95&lt;/a&gt;');
                &lt;/script&gt; &lt;a href=//www.baidu.com/more/ name=tj_briicon class=bri style="display: block;"&gt;\xe6\x9b\xb4\xe5\xa4\x9a\xe4\xba\xa7\xe5\x93\x81&lt;/a&gt; &lt;/div&gt; &lt;/div&gt; &lt;/div&gt; &lt;div id=ftCon&gt; &lt;div id=ftConw&gt; &lt;p id=lh&gt; &lt;a href=http://home.baidu.com&gt;\xe5\x85\xb3\xe4\xba\x8e\xe7\x99\xbe\xe5\xba\xa6&lt;/a&gt; &lt;a href=http://ir.baidu.com&gt;About Baidu&lt;/a&gt; &lt;/p&gt; &lt;p id=cp&gt;&amp;copy;2017&amp;nbsp;Baidu&amp;nbsp;&lt;a href=http://www.baidu.com/duty/&gt;\xe4\xbd\xbf\xe7\x94\xa8\xe7\x99\xbe\xe5\xba\xa6\xe5\x89\x8d\xe5\xbf\x85\xe8\xaf\xbb&lt;/a&gt;&amp;nbsp; &lt;a href=http://jianyi.baidu.com/ class=cp-feedback&gt;\xe6\x84\x8f\xe8\xa7\x81\xe5\x8f\x8d\xe9\xa6\x88&lt;/a&gt;&amp;nbsp;\xe4\xba\xacICP\xe8\xaf\x81030173\xe5\x8f\xb7&amp;nbsp; &lt;img src=//www.baidu.com/img/gs.gif&gt; &lt;/p&gt; &lt;/div&gt; &lt;/div&gt; &lt;/div&gt; &lt;/body&gt; &lt;/html&gt;
</msg>
<status status="PASS" starttime="20210816 09:44:08.164" endtime="20210816 09:44:08.165"></status>
</kw>
<status status="PASS" starttime="20210816 09:44:07.624" endtime="20210816 09:44:08.165" critical="yes"></status>
</test>
<test id="s1-t3" name="DemoCase1">
<kw name="Set Variable" library="BuiltIn">
<doc>Returns the given values which can then be assigned to a variables.</doc>
<arguments>
<arg>https://query.aliyun.com</arg>
</arguments>
<assign>
<var>${host_addr}</var>
</assign>
<msg timestamp="20210816 09:44:08.166" level="INFO">${host_addr} = https://query.aliyun.com</msg>
<status status="PASS" starttime="20210816 09:44:08.166" endtime="20210816 09:44:08.166"></status>
</kw>
<kw name="Set Variable" library="BuiltIn">
<doc>Returns the given values which can then be assigned to a variables.</doc>
<arguments>
<arg>/rest/content-platform.api.deliveryGoods</arg>
</arguments>
<assign>
<var>${url}</var>
</assign>
<msg timestamp="20210816 09:44:08.166" level="INFO">${url} = /rest/content-platform.api.deliveryGoods</msg>
<status status="PASS" starttime="20210816 09:44:08.166" endtime="20210816 09:44:08.166"></status>
</kw>
<kw name="Set Variable" library="BuiltIn">
<doc>Returns the given values which can then be assigned to a variables.</doc>
<arguments>
<arg>id=5199093&amp;count=6&amp;env=com&amp;cna=pVmMFp%2FDMX0CAbf2oPzexp3s&amp;realTimeRecommend=[]&amp;version=Goods-2&amp;static=false&amp;showVersion=1&amp;false=1&amp;manual=false&amp;lang=zh</arg>
</arguments>
<assign>
<var>${param}</var>
</assign>
<msg timestamp="20210816 09:44:08.167" level="INFO">${param} = id=5199093&amp;count=6&amp;env=com&amp;cna=pVmMFp%2FDMX0CAbf2oPzexp3s&amp;realTimeRecommend=[]&amp;version=Goods-2&amp;static=false&amp;showVersion=1&amp;false=1&amp;manual=false&amp;lang=zh</msg>
<status status="PASS" starttime="20210816 09:44:08.166" endtime="20210816 09:44:08.167"></status>
</kw>
<kw name="Create Session" library="RequestsLibrary">
<doc>Create Session: create a HTTP session to a server</doc>
<arguments>
<arg>InterfaceTest</arg>
<arg>${host_addr}</arg>
</arguments>
<msg timestamp="20210816 09:44:08.167" level="INFO">Creating Session using : alias=InterfaceTest, url=https://query.aliyun.com, headers={},                     cookies={}, auth=None, timeout=None, proxies=None, verify=False,                     debug=0 </msg>
<status status="PASS" starttime="20210816 09:44:08.167" endtime="20210816 09:44:08.167"></status>
</kw>
<kw name="Get Request" library="RequestsLibrary">
<doc>*DEPRECATED* Please use `GET On Session` instead.</doc>
<arguments>
<arg>InterfaceTest</arg>
<arg>${url}</arg>
<arg>params=${param}</arg>
</arguments>
<assign>
<var>${ret_result}</var>
</assign>
<msg timestamp="20210816 09:44:08.167" level="WARN">Keyword 'RequestsLibrary.Get Request' is deprecated. Please use `GET On Session` instead.</msg>
<msg timestamp="20210816 09:44:10.061" level="INFO">GET Request : url=https://query.aliyun.com/rest/content-platform.api.deliveryGoods?id=5199093&amp;count=6&amp;env=com&amp;cna=pVmMFp%2FDMX0CAbf2oPzexp3s&amp;realTimeRecommend=[]&amp;version=Goods-2&amp;static=false&amp;showVersion=1&amp;false=1&amp;manual=false&amp;lang=zh 
 path_url=/rest/content-platform.api.deliveryGoods?id=5199093&amp;count=6&amp;env=com&amp;cna=pVmMFp%2FDMX0CAbf2oPzexp3s&amp;realTimeRecommend=[]&amp;version=Goods-2&amp;static=false&amp;showVersion=1&amp;false=1&amp;manual=false&amp;lang=zh 
 headers={'User-Agent': 'python-requests/2.26.0', 'Accept-Encoding': 'gzip, deflate', 'Accept': '*/*', 'Connection': 'keep-alive'} 
 body=None 
 </msg>
<msg timestamp="20210816 09:44:10.062" level="INFO">GET Response : url=https://query.aliyun.com/rest/content-platform.api.deliveryGoods?id=5199093&amp;count=6&amp;env=com&amp;cna=pVmMFp%2FDMX0CAbf2oPzexp3s&amp;realTimeRecommend=[]&amp;version=Goods-2&amp;static=false&amp;showVersion=1&amp;false=1&amp;manual=false&amp;lang=zh 
 status=200, reason=OK 
 headers={'Date': 'Mon, 16 Aug 2021 01:44:10 GMT', 'Content-Type': 'application/json; charset=utf-8', 'Transfer-Encoding': 'chunked', 'Connection': 'keep-alive', 'Vary': 'Accept-Encoding', 'x-server-id': 'a316432eb8dfd267824daff47ab2131676cd6c1da6dee3ca490bbc5967bb234de4b3d1f0c7f20455874b51bfc8f90778', 'x-xss-protection': '1; mode=block', 'x-content-type-options': 'nosniff', 'x-download-options': 'noopen', 'strict-transport-security': 'max-age=31536000, max-age=0', 'x-readtime': '675', 'Content-Encoding': 'gzip', 'Server': 'Tengine/Aserver', 'EagleEye-TraceId': '0b01ec6816290782495256963e8193', 'Timing-Allow-Origin': '*'} 
 body={"requestId":"1f548791-aedf-4939-b3da-a00b8c591422","message":"ok","devMsg":null,"code":"200","data":{"id":5199093,"exts":{},"promotionId":null,"goods":[{"id":219739,"goodsId":251052344,"productCode":"ecs","commodityCode":"vm","name":"ECS计算型 c6","description":"CPU与内存配比1：2\n最新代企业级产品，性能全面升级","accessories":{"productCode":"ecs","commodityCode":"vm","specCode":"vm","defaultValues":[{"exts":{"name":"4核8G","price":"2219.40","discountPrice":"2712.60","subTitle":"1年"},"imageType":"public","networkType":"vpc","ioOptimized":true,"zoneId":"cn-beijing-h","vm_region_no":"cn-beijing","instance_type":"ecs.c6.xlarge","vm_os":"centos_8_0_x64_20G_alibase_20200218.vhd","systemdisk":{"systemDiskCategory":"cloud_efficiency","systemDiskSize":40},"vm_bandwidth":{"internetChargeType":"PayByBandwidth","internetMaxBandwidthOut":1},"order_time":"1:Year","order_num":1,"price":{"discountPrice":739.8,"originalPrice":4932,"tradePrice":4192.2,"price":4192.2,"currency":"CNY"}}],"goodsType":"common","specsType":null,"commodity":{"vm_region_no":{"code":"vm_region_no","name":"地域","value":["cn-qingdao-cm5-a01","cn-beijing-btc-a01","cn-zhangjiakou-na62-a01","cn-huhehaote-nt12-a01","cn-hangzhou-dg-a01","cn-shanghai-eu13-a01","cn-shenzhen-st3-a01"],"options":[{"value":"cn-qingdao-cm5-a01","text":"华北 1","tips":"mcms_vm_vm_region_no_vm_region_no_cn-qingdao-cm5-a01_remark","alias":"cn-qingdao","checked":true},{"value":"cn-beijing-btc-a01","text":"华北 2","tips":"mcms_vm_vm_region_no_vm_region_no_cn-beijing-btc-a01_remark","alias":"cn-beijing","checked":true},{"value":"cn-zhangjiakou-na62-a01","text":"华北 3","tips":"mcms_vm_vm_region_no_vm_region_no_cn-zhangjiakou-na62-a01_remark","alias":"cn-zhangjiakou","checked":true},{"value":"cn-huhehaote-nt12-a01","text":"华北 5","tips":"mcms_vm_vm_region_no_vm_region_no_cn-huhehaote-nt12-a01_remark","alias":"cn-huhehaote","checked":true},{"value":"cn-hangzhou-dg-a01","text":"华东 1","tips":"mcms_vm_vm_region_no_vm_region_no_cn-hangzhou-dg-a01_remark","alias":"cn-hangzhou","checked":true},{"value":"cn-shanghai-eu13-a01","text":"华东 2","tips":"mcms_vm_vm_region_no_vm_region_no_cn-shanghai-eu13-a01_remark","alias":"cn-shanghai","checked":true},{"value":"cn-shenzhen-st3-a01","text":"华南 1","tips":"mcms_vm_vm_region_no_vm_region_no_cn-shenzhen-st3-a01_remark","alias":"cn-shenzhen","checked":true}]},"instance_type":{"code":"instance_type","name":"实例","value":["ecs.c6.xlarge","ecs.c6.large"],"options":[{"value":"ecs.c6.xlarge","text":"4核8G ecs.c6.xlarge"},{"value":"ecs.c6.large","text":"2核4G ecs.c6.large"}]},"systemdisk":{"code":"systemdisk","name":"系统盘","value":[{"category":"cloud_efficiency","min":"40","max":"40","unit":"GiB","defaultValue":"40"}],"options":[{"category":"cloud_efficiency","min":"40","max":"40","unit":"GiB","defaultValue":"40"}]},"vm_bandwidth":{"code":"vm_bandwidth","name":"带宽","value":[{"internetChargeType":"PayByBandwidth","min":"1","max":"5","unit":"Mbs","defaultValue":"1"}],"options":[{"internetChargeType":"PayByBandwidth","min":"1","max":"5","unit":"Mbs","defaultValue":"1"}]},"order_time":{"code":"order_time","name":"购买时长","value":["1:Year"],"options":[{"text":"1 年","value":"1:Year"}]},"order_num":{"code":"order_num","name":"数量","value":{"min":1,"max":"2","step":1,"defaultValue":1,"conversion":1},"options":[{"step":1,"max":300,"min":1,"defaultValue":1,"conversion":1,"disable":true}]}},"goodsAndSpecsType":"merak"},"exts":{"tags_data":{"key":"tags_data","title":"","value":""},"corner":{"key":"corner","title":"角标类型","value":"个人新用户"},"customBuyUrl":{"key":"customBuyUrl","title":"购买链接","value":""},"detailUrl":{"key":"detailUrl","title":"详情页链接","value":""},"redirectUrl":{"key":"redirectUrl","title":"自定义跳转地址","value":""},"displayImageUrl":{"key":"displayImageUrl","title":"图片地址","value":""},"consultUrl":{"key":"consultUrl","title":"在线咨询","value":""},"tags":{"key":"tags","title":"营销标签","value":"限购2台"},"extraAccessory":{"key":"extraAccessory","title":"营销规格","value":"可选带宽:1~5M,高效云盘:40G"},"activityId":{"key":"activityId","title":"万花筒活动id","value":"1310016547022422"},"relInfo":[{"id":544,"name":"云服务器 ECS"}],"crowd":{"key":"crowd","title":"","value":""}},"properties":"","feature":"4核8G\n1~5M可选\n个人新用户专享","scm":null,"parent":0,"groupId":null,"tags":"","price":"{\"tradePrice\":4192.2,\"discountPrice\":739.8,\"originalPrice\":4932}","itemId":219739,"orderNumber":0.00403869,"deliveryId":5199093,"abFlag":265,"type":"goods","relInfo":[{"infoId":544,"title":"云服务器 ECS","link":"https://www.aliyun.com/product/ecs","image":"","name":"云服务器 ECS","description":"从安全型到内存型、从进阶型到入门型的云服务器","merakTags":[{"productCode":"ecs"}],"exts":{},"tags":"hot","keywords":"","relById":219739,"relByType":"goods"}],"score":10,"hitInfo":{"product_code":"ecs","score":0,"reason":"c2","hitTags":[]},"merakSpuCode":"ecs.c6.xlarge","sellAbility":["popupbuy","cart"]},{"id":219738,"goodsId":236546062,"productCode":"ecs","commodityCode":"vm","name":"ECS共享型 s6","description":"最新代产品，性能强劲，广泛适用于建站等轻量应用","accessories":{"productCode":"ecs","commodityCode":"vm","specCode":"vm","defaultValues":[{"exts":{"name":"2核4G","subTitle":"1年","price":"847.8","discountPrice":"1036.2"},"imageType":"public","networkType":"vpc","ioOptimized":true,"zoneId":"cn-beijing-h","vm_region_no":"cn-beijing","instance_type":"ecs.s6-c1m2.large","vm_os":"centos_8_0_x64_20G_alibase_20200218.vhd","systemdisk":{"systemDiskCategory":"cloud_efficiency","systemDiskSize":40},"vm_bandwidth":{"internetChargeType":"PayByBandwidth","internetMaxBandwidthOut":1},"order_time":"1:Year","order_num":1,"price":{"discountPrice":282.6,"originalPrice":1884,"tradePrice":1601.4,"price":1601.4,"currency":"CNY"}}],"goodsType":"common","specsType":null,"commodity":{"vm_region_no":{"code":"vm_region_no","name":"地域","value":["cn-qingdao-cm5-a01","cn-beijing-btc-a01","cn-zhangjiakou-na62-a01","cn-huhehaote-nt12-a01","cn-hangzhou-dg-a01","cn-shanghai-eu13-a01","cn-shenzhen-st3-a01"],"options":[{"value":"cn-qingdao-cm5-a01","text":"华北 1","tips":"mcms_vm_vm_region_no_vm_region_no_cn-qingdao-cm5-a01_remark","alias":"cn-qingdao","checked":true},{"value":"cn-beijing-btc-a01","text":"华北 2","tips":"mcms_vm_vm_region_no_vm_region_no_cn-beijing-btc-a01_remark","alias":"cn-beijing","checked":true},{"value":"cn-zhangjiakou-na62-a01","text":"华北 3","tips":"mcms_vm_vm_region_no_vm_region_no_cn-zhangjiakou-na62-a01_remark","alias":"cn-zhangjiakou","checked":true},{"value":"cn-huhehaote-nt12-a01","text":"华北 5","tips":"mcms_vm_vm_region_no_vm_region_no_cn-huhehaote-nt12-a01_remark","alias":"cn-huhehaote","checked":true},{"value":"cn-hangzhou-dg-a01","text":"华东 1","tips":"mcms_vm_vm_region_no_vm_region_no_cn-hangzhou-dg-a01_remark","alias":"cn-hangzhou","checked":true},{"value":"cn-shanghai-eu13-a01","text":"华东 2","tips":"mcms_vm_vm_region_no_vm_region_no_cn-shanghai-eu13-a01_remark","alias":"cn-shanghai","checked":true},{"value":"cn-shenzhen-st3-a01","text":"华南 1","tips":"mcms_vm_vm_region_no_vm_region_no_cn-shenzhen-st3-a01_remark","alias":"cn-shenzhen","checked":true}]},"instance_type":{"code":"instance_type","name":"实例","value":["ecs.s6-c1m1.small","ecs.s6-c1m2.small","ecs.s6-c1m2.large"],"options":[{"value":"ecs.s6-c1m1.small","text":"1核1G ecs.s6-c1m1.small"},{"value":"ecs.s6-c1m2.small","text":"1核2G ecs.s6-c1m2.small"},{"value":"ecs.s6-c1m2.large","text":"2核4G ecs.s6-c1m2.large"}]},"systemdisk":{"code":"systemdisk","name":"系统盘","value":[{"category":"cloud_efficiency","min":"40","max":"40","unit":"GiB","defaultValue":"40"}],"options":[{"category":"cloud_efficiency","min":"40","max":"40","unit":"GiB","defaultValue":"40"}]},"vm_bandwidth":{"code":"vm_bandwidth","name":"带宽","value":[{"internetChargeType":"PayByBandwidth","min":"1","max":"5","unit":"Mbs","defaultValue":"1"}],"options":[{"internetChargeType":"PayByBandwidth","min":"1","max":"5","unit":"Mbs","defaultValue":"1"}]},"order_time":{"code":"order_time","name":"购买时长","value":["1:Year","3:Year"],"options":[{"text":"1 年","value":"1:Year"},{"text":"3 年","value":"3:Year"}]},"order_num":{"code":"order_num","name":"数量","value":{"min":1,"max":"2","step":1,"defaultValue":1,"conversion":1},"options":[{"step":1,"max":300,"min":1,"defaultValue":1,"conversion":1,"disable":true}]}},"selectionId":null,"activityPromotionId":null,"activityName":null,"selectionContext":null,"goodsAndSpecsType":"merak"},"exts":{"tags_data":{"key":"tags_data","title":"","value":""},"corner":{"key":"corner","title":"角标类型","value":"个人新用户"},"customBuyUrl":{"key":"customBuyUrl","title":"购买链接","value":""},"detailUrl":{"key":"detailUrl","title":"详情页链接","value":""},"redirectUrl":{"key":"redirectUrl","title":"自定义跳转地址","value":""},"displayImageUrl":{"key":"displayImageUrl","title":"图片地址","value":""},"consultUrl":{"key":"consultUrl","title":"在线咨询","value":""},"tags":{"key":"tags","title":"营销标签","value":"限购2台"},"extraAccessory":{"key":"extraAccessory","title":"营销规格","value":"可选带宽:1~5M,高效云盘:40G"},"activityId":{"key":"activityId","title":"万花筒活动id","value":"1310016547022422"},"relInfo":[{"id":544,"name":"云服务器 ECS"}],"crowd":{"key":"crowd","title":"","value":""}},"properties":"","feature":"2核4G\n1~5M可选\n个人新用户专享","scm":null,"parent":0,"groupId":null,"tags":"","price":"{\"tradePrice\":3331.8,\"discountPrice\":2320.2,\"originalPrice\":5652}","itemId":219738,"orderNumber":0.00393869,"deliveryId":5199093,"abFlag":265,"type":"goods","relInfo":[{"infoId":544,"title":"云服务器 ECS","link":"https://www.aliyun.com/product/ecs","image":"","name":"云服务器 ECS","description":"从安全型到内存型、从进阶型到入门型的云服务器","merakTags":[{"productCode":"ecs"}],"exts":{},"tags":"hot","keywords":"","relById":219738,"relByType":"goods"}],"score":10,"hitInfo":{"product_code":"ecs","score":0,"reason":"c2","hitTags":[]},"merakSpuCode":"ecs.s6-c1m2.large","sellAbility":["popupbuy","cart"]},{"id":183626,"goodsId":471622388,"productCode":"ecs","commodityCode":"vm","name":"ECS通用型 g5 限量抢","description":"提供稳定计算力，适用于均衡性能场景，推荐企业选用","accessories":{"productCode":"ecs","commodityCode":"vm","specCode":"vm","defaultValues":[{"exts":{"name":"2核8G","price":"945.6","discountPrice":"3782.4","subTitle":"1... (set the log level to DEBUG or TRACE to see the full content) 
 </msg>
<msg timestamp="20210816 09:44:10.062" level="INFO">/Library/Frameworks/Python.framework/Versions/3.6/lib/python3.6/site-packages/urllib3/connectionpool.py:1020: InsecureRequestWarning: Unverified HTTPS request is being made to host '10.69.60.221'. Adding certificate verification is strongly advised. See: https://urllib3.readthedocs.io/en/latest/advanced-usage.html#ssl-warnings
  InsecureRequestWarning,</msg>
<msg timestamp="20210816 09:44:10.063" level="INFO">${ret_result} = &lt;Response [200]&gt;</msg>
<status status="PASS" starttime="20210816 09:44:08.167" endtime="20210816 09:44:10.063"></status>
</kw>
<kw name="Log" library="BuiltIn">
<doc>Logs the given message with the given level.</doc>
<arguments>
<arg>${ret_result.content}</arg>
</arguments>
<msg timestamp="20210816 09:44:10.075" level="INFO">{"requestId":"1f548791-aedf-4939-b3da-a00b8c591422","message":"ok","devMsg":null,"code":"200","data":{"id":5199093,"exts":{},"promotionId":null,"goods":[{"id":219739,"goodsId":251052344,"productCode":"ecs","commodityCode":"vm","name":"ECS\xe8\xae\xa1\xe7\xae\x97\xe5\x9e\x8b c6","description":"CPU\xe4\xb8\x8e\xe5\x86\x85\xe5\xad\x98\xe9\x85\x8d\xe6\xaf\x941\xef\xbc\x9a2\n\xe6\x9c\x80\xe6\x96\xb0\xe4\xbb\xa3\xe4\xbc\x81\xe4\xb8\x9a\xe7\xba\xa7\xe4\xba\xa7\xe5\x93\x81\xef\xbc\x8c\xe6\x80\xa7\xe8\x83\xbd\xe5\x85\xa8\xe9\x9d\xa2\xe5\x8d\x87\xe7\xba\xa7","accessories":{"productCode":"ecs","commodityCode":"vm","specCode":"vm","defaultValues":[{"exts":{"name":"4\xe6\xa0\xb88G","price":"2219.40","discountPrice":"2712.60","subTitle":"1\xe5\xb9\xb4"},"imageType":"public","networkType":"vpc","ioOptimized":true,"zoneId":"cn-beijing-h","vm_region_no":"cn-beijing","instance_type":"ecs.c6.xlarge","vm_os":"centos_8_0_x64_20G_alibase_20200218.vhd","systemdisk":{"systemDiskCategory":"cloud_efficiency","systemDiskSize":40},"vm_bandwidth":{"internetChargeType":"PayByBandwidth","internetMaxBandwidthOut":1},"order_time":"1:Year","order_num":1,"price":{"discountPrice":739.8,"originalPrice":4932,"tradePrice":4192.2,"price":4192.2,"currency":"CNY"}}],"goodsType":"common","specsType":null,"commodity":{"vm_region_no":{"code":"vm_region_no","name":"\xe5\x9c\xb0\xe5\x9f\x9f","value":["cn-qingdao-cm5-a01","cn-beijing-btc-a01","cn-zhangjiakou-na62-a01","cn-huhehaote-nt12-a01","cn-hangzhou-dg-a01","cn-shanghai-eu13-a01","cn-shenzhen-st3-a01"],"options":[{"value":"cn-qingdao-cm5-a01","text":"\xe5\x8d\x8e\xe5\x8c\x97 1","tips":"mcms_vm_vm_region_no_vm_region_no_cn-qingdao-cm5-a01_remark","alias":"cn-qingdao","checked":true},{"value":"cn-beijing-btc-a01","text":"\xe5\x8d\x8e\xe5\x8c\x97 2","tips":"mcms_vm_vm_region_no_vm_region_no_cn-beijing-btc-a01_remark","alias":"cn-beijing","checked":true},{"value":"cn-zhangjiakou-na62-a01","text":"\xe5\x8d\x8e\xe5\x8c\x97 3","tips":"mcms_vm_vm_region_no_vm_region_no_cn-zhangjiakou-na62-a01_remark","alias":"cn-zhangjiakou","checked":true},{"value":"cn-huhehaote-nt12-a01","text":"\xe5\x8d\x8e\xe5\x8c\x97 5","tips":"mcms_vm_vm_region_no_vm_region_no_cn-huhehaote-nt12-a01_remark","alias":"cn-huhehaote","checked":true},{"value":"cn-hangzhou-dg-a01","text":"\xe5\x8d\x8e\xe4\xb8\x9c 1","tips":"mcms_vm_vm_region_no_vm_region_no_cn-hangzhou-dg-a01_remark","alias":"cn-hangzhou","checked":true},{"value":"cn-shanghai-eu13-a01","text":"\xe5\x8d\x8e\xe4\xb8\x9c 2","tips":"mcms_vm_vm_region_no_vm_region_no_cn-shanghai-eu13-a01_remark","alias":"cn-shanghai","checked":true},{"value":"cn-shenzhen-st3-a01","text":"\xe5\x8d\x8e\xe5\x8d\x97 1","tips":"mcms_vm_vm_region_no_vm_region_no_cn-shenzhen-st3-a01_remark","alias":"cn-shenzhen","checked":true}]},"instance_type":{"code":"instance_type","name":"\xe5\xae\x9e\xe4\xbe\x8b","value":["ecs.c6.xlarge","ecs.c6.large"],"options":[{"value":"ecs.c6.xlarge","text":"4\xe6\xa0\xb88G ecs.c6.xlarge"},{"value":"ecs.c6.large","text":"2\xe6\xa0\xb84G ecs.c6.large"}]},"systemdisk":{"code":"systemdisk","name":"\xe7\xb3\xbb\xe7\xbb\x9f\xe7\x9b\x98","value":[{"category":"cloud_efficiency","min":"40","max":"40","unit":"GiB","defaultValue":"40"}],"options":[{"category":"cloud_efficiency","min":"40","max":"40","unit":"GiB","defaultValue":"40"}]},"vm_bandwidth":{"code":"vm_bandwidth","name":"\xe5\xb8\xa6\xe5\xae\xbd","value":[{"internetChargeType":"PayByBandwidth","min":"1","max":"5","unit":"Mbs","defaultValue":"1"}],"options":[{"internetChargeType":"PayByBandwidth","min":"1","max":"5","unit":"Mbs","defaultValue":"1"}]},"order_time":{"code":"order_time","name":"\xe8\xb4\xad\xe4\xb9\xb0\xe6\x97\xb6\xe9\x95\xbf","value":["1:Year"],"options":[{"text":"1 \xe5\xb9\xb4","value":"1:Year"}]},"order_num":{"code":"order_num","name":"\xe6\x95\xb0\xe9\x87\x8f","value":{"min":1,"max":"2","step":1,"defaultValue":1,"conversion":1},"options":[{"step":1,"max":300,"min":1,"defaultValue":1,"conversion":1,"disable":true}]}},"goodsAndSpecsType":"merak"},"exts":{"tags_data":{"key":"tags_data","title":"","value":""},"corner":{"key":"corner","title":"\xe8\xa7\x92\xe6\xa0\x87\xe7\xb1\xbb\xe5\x9e\x8b","value":"\xe4\xb8\xaa\xe4\xba\xba\xe6\x96\xb0\xe7\x94\xa8\xe6\x88\xb7"},"customBuyUrl":{"key":"customBuyUrl","title":"\xe8\xb4\xad\xe4\xb9\xb0\xe9\x93\xbe\xe6\x8e\xa5","value":""},"detailUrl":{"key":"detailUrl","title":"\xe8\xaf\xa6\xe6\x83\x85\xe9\xa1\xb5\xe9\x93\xbe\xe6\x8e\xa5","value":""},"redirectUrl":{"key":"redirectUrl","title":"\xe8\x87\xaa\xe5\xae\x9a\xe4\xb9\x89\xe8\xb7\xb3\xe8\xbd\xac\xe5\x9c\xb0\xe5\x9d\x80","value":""},"displayImageUrl":{"key":"displayImageUrl","title":"\xe5\x9b\xbe\xe7\x89\x87\xe5\x9c\xb0\xe5\x9d\x80","value":""},"consultUrl":{"key":"consultUrl","title":"\xe5\x9c\xa8\xe7\xba\xbf\xe5\x92\xa8\xe8\xaf\xa2","value":""},"tags":{"key":"tags","title":"\xe8\x90\xa5\xe9\x94\x80\xe6\xa0\x87\xe7\xad\xbe","value":"\xe9\x99\x90\xe8\xb4\xad2\xe5\x8f\xb0"},"extraAccessory":{"key":"extraAccessory","title":"\xe8\x90\xa5\xe9\x94\x80\xe8\xa7\x84\xe6\xa0\xbc","value":"\xe5\x8f\xaf\xe9\x80\x89\xe5\xb8\xa6\xe5\xae\xbd:1~5M,\xe9\xab\x98\xe6\x95\x88\xe4\xba\x91\xe7\x9b\x98:40G"},"activityId":{"key":"activityId","title":"\xe4\xb8\x87\xe8\x8a\xb1\xe7\xad\x92\xe6\xb4\xbb\xe5\x8a\xa8id","value":"1310016547022422"},"relInfo":[{"id":544,"name":"\xe4\xba\x91\xe6\x9c\x8d\xe5\x8a\xa1\xe5\x99\xa8 ECS"}],"crowd":{"key":"crowd","title":"","value":""}},"properties":"","feature":"4\xe6\xa0\xb88G\n1~5M\xe5\x8f\xaf\xe9\x80\x89\n\xe4\xb8\xaa\xe4\xba\xba\xe6\x96\xb0\xe7\x94\xa8\xe6\x88\xb7\xe4\xb8\x93\xe4\xba\xab","scm":null,"parent":0,"groupId":null,"tags":"","price":"{\"tradePrice\":4192.2,\"discountPrice\":739.8,\"originalPrice\":4932}","itemId":219739,"orderNumber":0.00403869,"deliveryId":5199093,"abFlag":265,"type":"goods","relInfo":[{"infoId":544,"title":"\xe4\xba\x91\xe6\x9c\x8d\xe5\x8a\xa1\xe5\x99\xa8 ECS","link":"https://www.aliyun.com/product/ecs","image":"","name":"\xe4\xba\x91\xe6\x9c\x8d\xe5\x8a\xa1\xe5\x99\xa8 ECS","description":"\xe4\xbb\x8e\xe5\xae\x89\xe5\x85\xa8\xe5\x9e\x8b\xe5\x88\xb0\xe5\x86\x85\xe5\xad\x98\xe5\x9e\x8b\xe3\x80\x81\xe4\xbb\x8e\xe8\xbf\x9b\xe9\x98\xb6\xe5\x9e\x8b\xe5\x88\xb0\xe5\x85\xa5\xe9\x97\xa8\xe5\x9e\x8b\xe7\x9a\x84\xe4\xba\x91\xe6\x9c\x8d\xe5\x8a\xa1\xe5\x99\xa8","merakTags":[{"productCode":"ecs"}],"exts":{},"tags":"hot","keywords":"","relById":219739,"relByType":"goods"}],"score":10,"hitInfo":{"product_code":"ecs","score":0,"reason":"c2","hitTags":[]},"merakSpuCode":"ecs.c6.xlarge","sellAbility":["popupbuy","cart"]},{"id":219738,"goodsId":236546062,"productCode":"ecs","commodityCode":"vm","name":"ECS\xe5\x85\xb1\xe4\xba\xab\xe5\x9e\x8b s6","description":"\xe6\x9c\x80\xe6\x96\xb0\xe4\xbb\xa3\xe4\xba\xa7\xe5\x93\x81\xef\xbc\x8c\xe6\x80\xa7\xe8\x83\xbd\xe5\xbc\xba\xe5\x8a\xb2\xef\xbc\x8c\xe5\xb9\xbf\xe6\xb3\x9b\xe9\x80\x82\xe7\x94\xa8\xe4\xba\x8e\xe5\xbb\xba\xe7\xab\x99\xe7\xad\x89\xe8\xbd\xbb\xe9\x87\x8f\xe5\xba\x94\xe7\x94\xa8","accessories":{"productCode":"ecs","commodityCode":"vm","specCode":"vm","defaultValues":[{"exts":{"name":"2\xe6\xa0\xb84G","subTitle":"1\xe5\xb9\xb4","price":"847.8","discountPrice":"1036.2"},"imageType":"public","networkType":"vpc","ioOptimized":true,"zoneId":"cn-beijing-h","vm_region_no":"cn-beijing","instance_type":"ecs.s6-c1m2.large","vm_os":"centos_8_0_x64_20G_alibase_20200218.vhd","systemdisk":{"systemDiskCategory":"cloud_efficiency","systemDiskSize":40},"vm_bandwidth":{"internetChargeType":"PayByBandwidth","internetMaxBandwidthOut":1},"order_time":"1:Year","order_num":1,"price":{"discountPrice":282.6,"originalPrice":1884,"tradePrice":1601.4,"price":1601.4,"currency":"CNY"}}],"goodsType":"common","specsType":null,"commodity":{"vm_region_no":{"code":"vm_region_no","name":"\xe5\x9c\xb0\xe5\x9f\x9f","value":["cn-qingdao-cm5-a01","cn-beijing-btc-a01","cn-zhangjiakou-na62-a01","cn-huhehaote-nt12-a01","cn-hangzhou-dg-a01","cn-shanghai-eu13-a01","cn-shenzhen-st3-a01"],"options":[{"value":"cn-qingdao-cm5-a01","text":"\xe5\x8d\x8e\xe5\x8c\x97 1","tips":"mcms_vm_vm_region_no_vm_region_no_cn-qingdao-cm5-a01_remark","alias":"cn-qingdao","checked":true},{"value":"cn-beijing-btc-a01","text":"\xe5\x8d\x8e\xe5\x8c\x97 2","tips":"mcms_vm_vm_region_no_vm_region_no_cn-beijing-btc-a01_remark","alias":"cn-beijing","checked":true},{"value":"cn-zhangjiakou-na62-a01","text":"\xe5\x8d\x8e\xe5\x8c\x97 3","tips":"mcms_vm_vm_region_no_vm_region_no_cn-zhangjiakou-na62-a01_remark","alias":"cn-zhangjiakou","checked":true},{"value":"cn-huhehaote-nt12-a01","text":"\xe5\x8d\x8e\xe5\x8c\x97 5","tips":"mcms_vm_vm_region_no_vm_region_no_cn-huhehaote-nt12-a01_remark","alias":"cn-huhehaote","checked":true},{"value":"cn-hangzhou-dg-a01","text":"\xe5\x8d\x8e\xe4\xb8\x9c 1","tips":"mcms_vm_vm_region_no_vm_region_no_cn-hangzhou-dg-a01_remark","alias":"cn-hangzhou","checked":true},{"value":"cn-shanghai-eu13-a01","text":"\xe5\x8d\x8e\xe4\xb8\x9c 2","tips":"mcms_vm_vm_region_no_vm_region_no_cn-shanghai-eu13-a01_remark","alias":"cn-shanghai","checked":true},{"value":"cn-shenzhen-st3-a01","text":"\xe5\x8d\x8e\xe5\x8d\x97 1","tips":"mcms_vm_vm_region_no_vm_region_no_cn-shenzhen-st3-a01_remark","alias":"cn-shenzhen","checked":true}]},"instance_type":{"code":"instance_type","name":"\xe5\xae\x9e\xe4\xbe\x8b","value":["ecs.s6-c1m1.small","ecs.s6-c1m2.small","ecs.s6-c1m2.large"],"options":[{"value":"ecs.s6-c1m1.small","text":"1\xe6\xa0\xb81G ecs.s6-c1m1.small"},{"value":"ecs.s6-c1m2.small","text":"1\xe6\xa0\xb82G ecs.s6-c1m2.small"},{"value":"ecs.s6-c1m2.large","text":"2\xe6\xa0\xb84G ecs.s6-c1m2.large"}]},"systemdisk":{"code":"systemdisk","name":"\xe7\xb3\xbb\xe7\xbb\x9f\xe7\x9b\x98","value":[{"category":"cloud_efficiency","min":"40","max":"40","unit":"GiB","defaultValue":"40"}],"options":[{"category":"cloud_efficiency","min":"40","max":"40","unit":"GiB","defaultValue":"40"}]},"vm_bandwidth":{"code":"vm_bandwidth","name":"\xe5\xb8\xa6\xe5\xae\xbd","value":[{"internetChargeType":"PayByBandwidth","min":"1","max":"5","unit":"Mbs","defaultValue":"1"}],"options":[{"internetChargeType":"PayByBandwidth","min":"1","max":"5","unit":"Mbs","defaultValue":"1"}]},"order_time":{"code":"order_time","name":"\xe8\xb4\xad\xe4\xb9\xb0\xe6\x97\xb6\xe9\x95\xbf","value":["1:Year","3:Year"],"options":[{"text":"1 \xe5\xb9\xb4","value":"1:Year"},{"text":"3 \xe5\xb9\xb4","value":"3:Year"}]},"order_num":{"code":"order_num","name":"\xe6\x95\xb0\xe9\x87\x8f","value":{"min":1,"max":"2","step":1,"defaultValue":1,"conversion":1},"options":[{"step":1,"max":300,"min":1,"defaultValue":1,"conversion":1,"disable":true}]}},"selectionId":null,"activityPromotionId":null,"activityName":null,"selectionContext":null,"goodsAndSpecsType":"merak"},"exts":{"tags_data":{"key":"tags_data","title":"","value":""},"corner":{"key":"corner","title":"\xe8\xa7\x92\xe6\xa0\x87\xe7\xb1\xbb\xe5\x9e\x8b","value":"\xe4\xb8\xaa\xe4\xba\xba\xe6\x96\xb0\xe7\x94\xa8\xe6\x88\xb7"},"customBuyUrl":{"key":"customBuyUrl","title":"\xe8\xb4\xad\xe4\xb9\xb0\xe9\x93\xbe\xe6\x8e\xa5","value":""},"detailUrl":{"key":"detailUrl","title":"\xe8\xaf\xa6\xe6\x83\x85\xe9\xa1\xb5\xe9\x93\xbe\xe6\x8e\xa5","value":""},"redirectUrl":{"key":"redirectUrl","title":"\xe8\x87\xaa\xe5\xae\x9a\xe4\xb9\x89\xe8\xb7\xb3\xe8\xbd\xac\xe5\x9c\xb0\xe5\x9d\x80","value":""},"displayImageUrl":{"key":"displayImageUrl","title":"\xe5\x9b\xbe\xe7\x89\x87\xe5\x9c\xb0\xe5\x9d\x80","value":""},"consultUrl":{"key":"consultUrl","title":"\xe5\x9c\xa8\xe7\xba\xbf\xe5\x92\xa8\xe8\xaf\xa2","value":""},"tags":{"key":"tags","title":"\xe8\x90\xa5\xe9\x94\x80\xe6\xa0\x87\xe7\xad\xbe","value":"\xe9\x99\x90\xe8\xb4\xad2\xe5\x8f\xb0"},"extraAccessory":{"key":"extraAccessory","title":"\xe8\x90\xa5\xe9\x94\x80\xe8\xa7\x84\xe6\xa0\xbc","value":"\xe5\x8f\xaf\xe9\x80\x89\xe5\xb8\xa6\xe5\xae\xbd:1~5M,\xe9\xab\x98\xe6\x95\x88\xe4\xba\x91\xe7\x9b\x98:40G"},"activityId":{"key":"activityId","title":"\xe4\xb8\x87\xe8\x8a\xb1\xe7\xad\x92\xe6\xb4\xbb\xe5\x8a\xa8id","value":"1310016547022422"},"relInfo":[{"id":544,"name":"\xe4\xba\x91\xe6\x9c\x8d\xe5\x8a\xa1\xe5\x99\xa8 ECS"}],"crowd":{"key":"crowd","title":"","value":""}},"properties":"","feature":"2\xe6\xa0\xb84G\n1~5M\xe5\x8f\xaf\xe9\x80\x89\n\xe4\xb8\xaa\xe4\xba\xba\xe6\x96\xb0\xe7\x94\xa8\xe6\x88\xb7\xe4\xb8\x93\xe4\xba\xab","scm":null,"parent":0,"groupId":null,"tags":"","price":"{\"tradePrice\":3331.8,\"discountPrice\":2320.2,\"originalPrice\":5652}","itemId":219738,"orderNumber":0.00393869,"deliveryId":5199093,"abFlag":265,"type":"goods","relInfo":[{"infoId":544,"title":"\xe4\xba\x91\xe6\x9c\x8d\xe5\x8a\xa1\xe5\x99\xa8 ECS","link":"https://www.aliyun.com/product/ecs","image":"","name":"\xe4\xba\x91\xe6\x9c\x8d\xe5\x8a\xa1\xe5\x99\xa8 ECS","description":"\xe4\xbb\x8e\xe5\xae\x89\xe5\x85\xa8\xe5\x9e\x8b\xe5\x88\xb0\xe5\x86\x85\xe5\xad\x98\xe5\x9e\x8b\xe3\x80\x81\xe4\xbb\x8e\xe8\xbf\x9b\xe9\x98\xb6\xe5\x9e\x8b\xe5\x88\xb0\xe5\x85\xa5\xe9\x97\xa8\xe5\x9e\x8b\xe7\x9a\x84\xe4\xba\x91\xe6\x9c\x8d\xe5\x8a\xa1\xe5\x99\xa8","merakTags":[{"productCode":"ecs"}],"exts":{},"tags":"hot","keywords":"","relById":219738,"relByType":"goods"}],"score":10,"hitInfo":{"product_code":"ecs","score":0,"reason":"c2","hitTags":[]},"merakSpuCode":"ecs.s6-c1m2.large","sellAbility":["popupbuy","cart"]},{"id":183626,"goodsId":471622388,"productCode":"ecs","commodityCode":"vm","name":"ECS\xe9\x80\x9a\xe7\x94\xa8\xe5\x9e\x8b g5 \xe9\x99\x90\xe9\x87\x8f\xe6\x8a\xa2","description":"\xe6\x8f\x90\xe4\xbe\x9b\xe7\xa8\xb3\xe5\xae\x9a\xe8\xae\xa1\xe7\xae\x97\xe5\x8a\x9b\xef\xbc\x8c\xe9\x80\x82\xe7\x94\xa8\xe4\xba\x8e\xe5\x9d\x87\xe8\xa1\xa1\xe6\x80\xa7\xe8\x83\xbd\xe5\x9c\xba\xe6\x99\xaf\xef\xbc\x8c\xe6\x8e\xa8\xe8\x8d\x90\xe4\xbc\x81\xe4\xb8\x9a\xe9\x80\x89\xe7\x94\xa8","accessories":{"productCode":"ecs","commodityCode":"vm","specCode":"vm","defaultValues":[{"exts":{"name":"2\xe6\xa0\xb88G","price":"945.6","discountPrice":"3782.4","subTitle":"1\xe5\xb9\xb4"},"imageType":"public","networkType":"vpc","ioOptimized":true,"zoneId":"cn-beijing-h","vm_region_no":"cn-beijing","instance_type":"ecs.g5.large","vm_os":"centos_7_04_64_20G_alibase_201701015.vhd","systemdisk":{"systemDiskCategory":"cloud_efficiency","systemDiskSize":40},"vm_bandwidth":{"internetChargeType":"PayByBandwidth","internetMaxBandwidthOut":5},"order_time":"1:Year","order_num":1,"price":{"discountPrice":1015.2,"originalPrice":4728,"tradePrice":3712.8,"price":3712.8,"currency":"CNY"}}],"goodsType":"common","specsType":null,"commodity":{"vm_region_no":{"code":"vm_region_no","name":"\xe5\x9c\xb0\xe5\x9f\x9f","value":["cn-qingdao-cm5-a01","cn-beijing-btc-a01","cn-zhangjiakou-na62-a01","cn-huhehaote-nt12-a01","cn-hangzhou-dg-a01","cn-shanghai-eu13-a01","cn-shenzhen-st3-a01"],"options":[{"value":"cn-qingdao-cm5-a01","text":"\xe5\x8d\x8e\xe5\x8c\x97 1","tips":"mcms_vm_vm_region_no_vm_region_no_cn-qingdao-cm5-a01_remark","alias":"cn-qingdao","checked":true},{"value":"cn-beijing-btc-a01","text":"\xe5\x8d\x8e\xe5\x8c\x97 2","tips":"mcms_vm_vm_region_no_vm_region_no_cn-beijing-btc-a01_remark","alias":"cn-beijing","checked":true},{"value":"cn-zhangjiakou-na62-a01","text":"\xe5\x8d\x8e\xe5\x8c\x97 3","tips":"mcms_vm_vm_region_no_vm_region_no_cn-zhangjiakou-na62-a01_remark","alias":"cn-zhangjiakou","checked":true},{"value":"cn-huhehaote-nt12-a01","text":"\xe5\x8d\x8e\xe5\x8c\x97 5","tips":"mcms_vm_vm_region_no_vm_region_no_cn-huhehaote-nt12-a01_remark","alias":"cn-huhehaote","checked":true},{"value":"cn-hangzhou-dg-a01","text":"\xe5\x8d\x8e\xe4\xb8\x9c 1","tips":"mcms_vm_vm_region_no_vm_region_no_cn-hangzhou-dg-a01_remark","alias":"cn-hangzhou","checked":true},{"value":"cn-shanghai-eu13-a01","text":"\xe5\x8d\x8e\xe4\xb8\x9c 2","tips":"mcms_vm_vm_region_no_vm_region_no_cn-shanghai-eu13-a01_remark","alias":"cn-shanghai","checked":true},{"value":"cn-shenzhen-st3-a01","text":"\xe5\x8d\x8e\xe5\x8d\x97 1","tips":"mcms_vm_vm_region_no_vm_region_no_cn-shenzhen-st3-a01_remark","alias":"cn-shenzhen","checked":true}]},"instance_type":{"code":"instance_type","name":"\xe5\xae\x9e\xe4\xbe\x8b","value":["ecs.g5.large"],"options":[{"value":"ecs.g5.large","text":"2\xe6\xa0\xb88G ecs.g5.large"}]},"systemdisk":{"code":"systemdisk","name":"\xe7\xb3\xbb\xe7\xbb\x9f\xe7\x9b\x98","value":[{"category":"cloud_efficiency","min":"40","max":"100","unit":"GiB","defaultValue":"40"}],"options":[{"category":"cloud_efficiency","min":"40","max":"100","unit":"GiB","defaultValue":"40"}]},"vm_bandwidth":{"code":"vm_bandwidth","name":"\xe5\xb8\xa6\xe5\xae\xbd","value":[{"internetChargeType":"PayByBandwidth","min":"5","max":"5","unit":"Mbs","defaultValue":"5"}],"options":[{"internetChargeType":"PayByBandwidth","min":"5","max":"5","unit":"Mbs","defaultValue":"5"}]},"order_time":{"code":"order_time","name":"\xe8\xb4\xad\xe4\xb9\xb0\xe6\x97\xb6\xe9\x95\xbf","value":["1:Year"],"options":[{"text":"1 \xe5\xb9\xb4","value":"1:Year"}]},"order_num":{"code":"order_num","name":"\xe6\x95\xb0\xe9\x87\x8f","value":{"min":1,"max":"5","step":1,"defaultValue":1,"conversion":1},"options":[{"step":1,"max":300,"min":1,"defaultValue":1,"conversion":1,"disable":true}]}},"goodsAndSpecsType":"merak"},"exts":{"corner":{"key":"corner","title":"\xe8\xa7\x92\xe6\xa0\x87\xe7\xb1\xbb\xe5\x9e\x8b","value":"","type":"goods","commodityCode":"","tip":"\xe5\x8d\xa1\xe7\x89\x87\xe5\x8f\xb3\xe4\xb8\x8a\xe8\xa7\x92\xe7\x9a\x84\xe8\xa7\x92\xe6\xa0\x87\xef\xbc\x88\xe5\xa6\x82\xe6\xb2\xa1\xe6\x9c\x89\xef\xbc\x8c\xe5\x8f\xaf\xe4\xbb\xa5\xe4\xb8\x8d\xe5\xa1\xab\xef\xbc\x89"},"customBuyUrl":{"key":"customBuyUrl","title":"\xe8\xb4\xad\xe4\xb9\xb0\xe9\x93\xbe\xe6\x8e\xa5","type":"goods","commodityCode":"","placeholder":"\xe9\x9d\x9e\xe6\xa0\x87\xe5\x95\x86\xe5\x93\x81\xe4\xbd\xbf\xe7\x94\xa8","tip":"\xe9\x85\x8d\xe7\xbd\xae\xe5\x90\x8e\xe5\xb0\x86\xe7\x9b\xb4\xe6\x8e\xa5\xe4\xbd\xbf\xe7\x94\xa8\xe8\xaf\xa5\xe5\x9c\xb0\xe5\x9d\x80\xe8\xb7\xb3\xe8\xbd\xac\xe8\xb4\xad\xe4\xb9\xb0"},"detailUrl":{"key":"detailUrl","title":"\xe8\xaf\xa6\xe6\x83\x85\xe9\xa1\xb5\xe9\x93\xbe\xe6\x8e\xa5","type":"goods","commodityCode":""},"redirectUrl":{"key":"redirectUrl","title":"\xe8\x87\xaa\xe5\xae\x9a\xe4\xb9\x89\xe8\xb7\xb3\xe8\xbd\xac\xe5\x9c\xb0\xe5\x9d\x80","type":"goods","commodityCode":"","placeholder":"\xe7\x94\xa8\xe4\xba\x8e\xe5\x95\x86\xe5\x93\x81\xe5\x8d\xa1\xe7\x89\x87\xe9\x9d\x9e\xe8\xb4\xad\xe4\xb9\xb0\xe5\x9c\xb0\xe5\x9d\x80\xe7\x9a\x84\xe8\xb7\xb3\xe8\xbd\xac","tip":"\xe7\x94\xa8\xe4\xba\x8e\xe5\x95\x86\xe5\x93\x81\xe5\x8d\xa1\xe7\x89\x87\xe9\x9d\x9e\xe8\xb4\xad\xe4\xb9\xb0\xe5\x9c\xb0\xe5\x9d\x80\xe7\x9a\x84\xe8\xb7\xb3\xe8\xbd\xac\xef\xbc\x88\xe5\xa6\x82\xe6\xb2\xa1\xe6\x9c\x89\xef\xbc\x8c\xe5\x8f\xaf\xe4\xb8\x8d\xe5\xa1\xab\xef\xbc\x89"},"displayImageUrl":{"key":"displayImageUrl","title":"\xe5\x9b\xbe\xe7\x89\x87\xe5\x9c\xb0\xe5\x9d\x80","type":"goods","commodityCode":"","placeholder":"\xe7\x94\xa8\xe4\xba\x8e\xe5\x95\x86\xe5\x93\x81\xe5\x8d\xa1\xe7\x89\x87\xe4\xb8\xad\xe7\x9a\x84\xe5\x9b\xbe\xe7\x89\x87\xe9\x85\x8d\xe7\xbd\xae\xef\xbc\x88\xe5\xa6\x82\xe6\xb2\xa1\xe6\x9c\x89\xef\xbc\x8c\xe5\x8f\xaf\xe4\xb8\x8d\xe5\xa1\xab\xef\xbc\x89","tip":"\xe7\x94\xa8\xe4\xba\x8e\xe5\x95\x86\xe5\x93\x81\xe5\x8d\xa1\xe7\x89\x87\xe4\xb8\xad\xe7\x9a\x84\xe5\x9b\xbe\xe7\x89\x87\xe9\x85\x8d\xe7\xbd\xae\xef\xbc\x88\xe5\xa6\x82\xe6\xb2\xa1\xe6\x9c\x89\xef\xbc\x8c\xe5\x8f\xaf\xe4\xb8\x8d\xe5\xa1\xab\xef\xbc\x89"},"tags":{"key":"tags","title":"\xe8\x90\xa5\xe9\x94\x80\xe6\xa0\x87\xe7\xad\xbe","value":"\xe4\xbc\x81\xe4\xb8\x9a\xe6\x96\xb0\xe7\x94\xa8\xe6\x88\xb7","type":"goods"},"extraAccessory":{"key":"extraAccessory","title":"\xe8\x90\xa5\xe9\x94\x80\xe8\xa7\x84\xe6\xa0\xbc","value":"\xe5\xb8\xa6\xe5\xae\xbd:5M,\xe5\x8f\xaf\xe9\x80\x89\xe4\xba\x91\xe7\x9b\x98:40-100G","type":"goods"},"activityId":{"key":"activityId","title":"\xe4\xb8\x87\xe8\x8a\xb1\xe7\xad\x92\xe6\xb4\xbb\xe5\x8a\xa8id","value":"1810016559987988","type":"goods"},"relInfo":[{"id":1095,"name":"\xe4\xba\x91\xe6\x9c\x8d\xe5\x8a\xa1\xe5\x99\xa8 ECS"}],"crowd":[],"tags_data":{}},"properties":"","feature":"\xe4\xbc\x81\xe4\xb8\x9a\xe6\x96\xb0\xe7\x94\xa8\xe6\x88\xb7\xe4\xb8\x93\xe4\xba\xab\n2\xe6\xa0\xb84G\n5M\xe5\xb8\xa6\xe5\xae\xbd","scm":null,"parent":0,"groupId":null,"tags":"","price":"{\"tradePrice\":3712.8,\"discountPrice\":1015.2,\"originalPrice\":4728}","itemId":183626,"orderNumber":0.00383869,"deliveryId":5199093,"abFlag":265,"type":"goods","relInfo":[{"infoId":1095,"title":"\xe4\xba\x91\xe6\x9c\x8d\xe5\x8a\xa1\xe5\x99\xa8 ECS","link":"https://www.aliyun.com/product/ecs","image":"","name":"\xe4\xba\x91\xe6\x9c\x8d\xe5\x8a\xa1\xe5\x99\xa8 ECS","description":"\n\xe4\xbb\x8e\xe5\xae\x89\xe5\x85\xa8\xe5\x9e\x8b\xe5\x88\xb0\xe5\x86\x85\xe5\xad\x98\xe5\x9e\x8b\xe3\x80\x81\xe4\xbb\x8e\xe8\xbf\x9b\xe9\x98\xb6\xe5\x9e\x8b\xe5\x88\xb0\xe5\x85\xa5\xe9\x97\xa8\xe5\x9e\x8b\xe7\x9a\x84\xe4\xba\x91\xe6\x9c\x8d\xe5\x8a\xa1\xe5\x99\xa8","merakTags":[],"exts":{"relInfo":[]},"tags":"","keywords":"","relById":183626,"relByType":"goods"}],"score":10,"hitInfo":{"product_code":"ecs","score":0,"reason":"c2","hitTags":[]},"merakSpuCode":"ecs.g5.large","sellAbility":["popupbuy","cart"]},{"id":16414,"goodsId":529484956,"productCode":"mysql","commodityCode":"rds","name":"\xe4\xba\x91\xe6\x95\xb0\xe6\x8d\xae\xe5\xba\x93MySQL","description":"\xe9\xab\x98\xe5\xae\x89\xe5\x85\xa8\xe7\xad\x89\xe7\xba\xa7\xef\xbc\x8c5\xe5\x80\x8d\xe6\x80\xa7\xe8\x83\xbd\xe6\x8f\x90\xe5\x8d\x87","accessories":{"mpuIdList":null,"productCode":"mysql","commodityCode":"rds","specCode":"rds","defaultValues":[{"exts":{"name":"1\xe6\xa0\xb81G \xe5\x9f\xba\xe7\xa1\x80\xe7\x89\x88","subTitle":"","price":"459.00","discountPrice":"81.00"},"rds_region":"cn-hangzhou","rds_dbtype":"mysql","rds_dbversion":"8.0","rds_nodetype":"Basic","rds_storagetype":"cloud_ssd","rds_iz":"cn-hangzhou-h","rds_web_type":"VPC","rds_class":"mysql.n1.micro.1","rds_storage":20,"order_time":"1:Year","order_num":1,"price":{"discountPrice":135,"originalPrice":540,"tradePrice":405,"price":405,"currency":"CNY"}}],"goodsType":"common","specsType":null,"commodity":{"rds_region":{"code":"rds_region","name":"\xe5\x9c\xb0\xe5\x9f\x9f","value":["cn-hangzhou","cn-shanghai","cn-qingdao","cn-beijing","cn-zhangjiakou","cn-huhehaote","cn-shenzhen","cn-hongkong","ap-southeast-1","us-west-1","us-east-1","ap-northeast-1","eu-central-1","me-east-1","ap-southeast-2","ap-southeast-3","ap-south-1","ap-southeast-5","cn-chengdu","eu-west-1"],"options":[{"value":"cn-hangzhou","text":"\xe5\x8d\x8e\xe4\xb8\x9c 1","tips":"mcms_rds_rds_region_rds_region_cn-hangzhou_remark","checked":true},{"value":"cn-shanghai","text":"\xe5\x8d\x8e\xe4\xb8\x9c 2","tips":"mcms_rds_rds_region_rds_region_cn-shanghai_remark","checked":true},{"value":"cn-qingdao","text":"\xe5\x8d\x8e\xe5\x8c\x97 1","tips":"mcms_rds_rds_region_rds_region_cn-qingdao_remark","checked":true},{"value":"cn-beijing","text":"\xe5\x8d\x8e\xe5\x8c\x97 2","tips":"mcms_rds_rds_region_rds_region_cn-beijing_remark","checked":true},{"value":"cn-zhangjiakou","text":"\xe5\x8d\x8e\xe5\x8c\x97 3","tips":"mcms_rds_rds_region_rds_region_cn-zhangjiakou_remark","checked":true},{"value":"cn-huhehaote","text":"\xe5\x8d\x8e\xe5\x8c\x97 5","tips":"mcms_rds_rds_region_rds_region_cn-huhehaote_remark","checked":true},{"value":"cn-shenzhen","text":"\xe5\x8d\x8e\xe5\x8d\x97 1","tips":"mcms_rds_rds_region_rds_region_cn-shenzhen_remark","checked":true},{"value":"cn-hongkong","text":"\xe4\xb8\xad\xe5\x9b\xbd\xef\xbc\x88\xe9\xa6\x99\xe6\xb8\xaf\xef\xbc\x89","tips":"mcms_rds_rds_region_rds_region_cn-hongkong_remark","checked":true},{"value":"ap-southeast-1","text":"\xe6\x96\xb0\xe5\x8a\xa0\xe5\x9d\xa1","tips":"mcms_rds_rds_region_rds_region_ap-southeast-1_remark","checked":true},{"value":"us-west-1","text":"\xe7\xbe\x8e\xe5\x9b\xbd\xe8\xa5\xbf\xe9\x83\xa8 1 (\xe7\xa1\x85\xe8\xb0\xb7)","tips":"mcms_rds_rds_region_rds_region_us-west-1_remark","checked":true},{"value":"us-east-1","text":"\xe7\xbe\x8e\xe5\x9b\xbd\xe4\xb8\x9c\xe9\x83\xa8 1 ","tips":"mcms_rds_rds_region_rds_region_us-east-1_remark","checked":true},{"value":"ap-northeast-1","text":"\xe4\xba\x9a\xe5\xa4\xaa\xe4\xb8\x9c\xe5\x8c\x97 1 (\xe4\xb8\x9c\xe4\xba\xac)","tips":"mcms_rds_rds_region_rds_region_ap-northeast-1_remark","checked":true},{"value":"eu-central-1","text":"\xe6\xac\xa7\xe6\xb4\xb2\xe4\xb8\xad\xe9\x83\xa8 1","tips":"mcms_rds_rds_region_rds_region_eu-central-1_remark","checked":true},{"value":"me-east-1","text":"\xe4\xb8\xad\xe4\xb8\x9c\xe4\xb8\x9c\xe9\x83\xa8 1 (\xe8\xbf\xaa\xe6\x8b\x9c)","tips":"mcms_rds_rds_region_rds_region_me-east-1_remark","checked":true},{"value":"ap-southeast-2","text":"\xe4\xba\x9a\xe5\xa4\xaa\xe4\xb8\x9c\xe5\x8d\x97 2 (\xe6\x82\x89\xe5\xb0\xbc)","tips":"mcms_rds_rds_region_rds_region_ap-southeast-2_remark","checked":true},{"value":"ap-southeast-3","text":"\xe4\xba\x9a\xe5\xa4\xaa\xe4\xb8\x9c\xe5\x8d\x97 3 (\xe5\x90\x89\xe9\x9a\x86\xe5\x9d\xa1) ","tips":"mcms_rds_rds_region_rds_region_ap-southeast-3_remark","checked":true},{"value":"ap-south-1","text":"\xe4\xba\x9a\xe5\xa4\xaa\xe5\x8d\x97\xe9\x83\xa8 1 (\xe5\xad\x9f\xe4\xb9\xb0) ","tips":"mcms_rds_rds_region_rds_region_ap-south-1_remark","checked":true},{"value":"ap-southeast-5","text":"\xe4\xba\x9a\xe5\xa4\xaa\xe4\xb8\x9c\xe5\x8d\x97 5 (\xe9\x9b\x85\xe5\x8a\xa0\xe8\xbe\xbe)","tips":"mcms_rds_rds_region_rds_region_ap-southeast-5_remark","checked":true},{"value":"cn-chengdu","text":"\xe8\xa5\xbf\xe5\x8d\x971\xef\xbc\x88\xe6\x88\x90\xe9\x83\xbd\xef\xbc\x89","tips":"mcms_rds_rds_region_rds_region_cn-chengdu_remark","checked":true},{"value":"eu-west-1","text":"\xe8\x8b\xb1\xe5\x9b\xbd\xef\xbc\x88\xe4\xbc\xa6\xe6\x95\xa6\xef\xbc\x89","tips":"mcms_rds_rds_region_rds_region_eu-west-1_remark","checked":true}]},"rds_dbtype":{"code":"rds_dbtype","name":"\xe6\x95\xb0\xe6\x8d\xae\xe5\xba\x93\xe7\xb1\xbb\xe5\x9e\x8b","value":["mysql"],"options":[{"value":"mysql","text":"MySQL","tips":"mcms_rds_rds_dbtype_rds_dbtype_mysql_remark","checked":true}]},"rds_dbversion":{"code":"rds_dbversion","name":"\xe6\x95\xb0\xe6\x8d\xae\xe5\xba\x93\xe7\x89\x88\xe6\x9c\xac","value":["8.0","5.7","5.6","5.5"],"options":[{"value":"8.0","text":"8.0","tips":"mcms_rds_rds_dbversion_rds_dbversion_8.0_remark","checked":true},{"value":"5.7","text":"5.7","tips":"mcms_rds_rds_dbversion_rds_dbversion_5.7_remark","checked":true},{"value":"5.6","text":"5.6","tips":"mcms_rds_rds_dbversion_rds_dbversion_5.6_remark","checked":true},{"value":"5.5","text":"5.5","tips":"mcms_rds_rds_dbversion_rds_dbversion_5.5_remark","checked":true}]},"rds_nodetype":{"code":"rds_nodetype","name":"\xe7\xb3\xbb\xe5\x88\x97","value":["HighAvailability","Finance","Basic"],"options":[{"value":"HighAvailability","text":"\xe9\xab\x98\xe5\x8f\xaf\xe7\x94\xa8\xe7\x89\x88","tips":"mcms_rds_rds_nodetype_rds_nodetype_HighAvailability_remark","checked":true},{"value":"Finance","text":"\xe4\xb8\x89\xe8\x8a\x82\xe7\x82\xb9\xe4\xbc\x81\xe4\xb8\x9a\xe7\x89\x88","tips":"mcms_rds_rds_nodetype_rds_nodetype_Finance_remark","checked":true},{"value":"Basic","text":"\xe5\x9f\xba\xe7\xa1\x80\xe7\x89\x88","tips":"mcms_rds_rds_nodetype_rds_nodetype_Basic_remark","checked":true}]},"rds_class":{"code":"rds_class","name":"\xe8\xa7\x84\xe6\xa0\xbc","value":[],"options":[]},"rds_storagetype":{"code":"rds_storagetype","name":"\xe5\xad\x98\xe5\x82\xa8\xe7\xb1\xbb\xe5\x9e\x8b","value":["local_ssd","cloud_essd","cloud_essd2","cloud_essd3","cloud_ssd"],"options":[{"value":"local_ssd","text":"\xe6\x9c\xac\xe5\x9c\xb0SSD\xe7\x9b\x98\xef\xbc\x88\xe9\xab\x98\xe6\x80\xa7\xe8\x83\xbd\xef\xbc\x89","tips":"mcms_rds_rds_storagetype_rds_storagetype_local_ssd_remark","checked":true},{"value":"cloud_essd","text":"ESSD PL1\xe4\xba\x91\xe7\x9b\x98(\xe6\x8e\xa8\xe8\x8d\x90 \xe5\xa4\xa7\xe5\xae\xb9\xe9\x87\x8f)","tips":"mcms_rds_rds_storagetype_rds_storagetype_cloud_essd_remark","checked":true},{"value":"cloud_essd2","text":"ESSD PL2\xe4\xba\x91\xe7\x9b\x98(\xe6\x8e\xa8\xe8\x8d\x90)","tips":"mcms_rds_rds_storagetype_rds_storagetype_cloud_essd2_remark","checked":true},{"value":"cloud_essd3","text":"ESSD PL3\xe4\xba\x91\xe7\x9b\x98(\xe6\x8e\xa8\xe8\x8d\x90)","tips":"mcms_rds_rds_storagetype_rds_storagetype_cloud_essd3_remark","checked":true},{"value":"cloud_ssd","text":"SSD\xe4\xba\x91\xe7\x9b\x98","tips":"mcms_rds_rds_storagetype_rds_storagetype_cloud_ssd_remark","checked":true}]},"rds_storage":{"code":"rds_storage","name":"\xe5\xad\x98\xe5\x82\xa8\xe5\xa4\xa7\xe5\xb0\x8f","value":{"min":"20","max":6000,"step":5,"defaultValue":"20","conversion":1},"options":[{"min":"20","max":"16000","step":5,"defaultValue":"20","conversion":1,"disable":true}]},"order_time":{"code":"order_time","name":"\xe8\xb4\xad\xe4\xb9\xb0\xe6\x97\xb6\xe9\x95\xbf","value":["1:Month","2:Month","3:Month","4:Month","5:Month","6:Month","9:Month","1:Year","2:Year","3:Year"],"options":[{"text":"1 \xe4\xb8\xaa\xe6\x9c\x88","value":"1:Month"},{"text":"2 \xe4\xb8\xaa\xe6\x9c\x88","value":"2:Month"},{"text":"3 \xe4\xb8\xaa\xe6\x9c\x88","value":"3:Month"},{"text":"4 \xe4\xb8\xaa\xe6\x9c\x88","value":"4:Month"},{"text":"5 \xe4\xb8\xaa\xe6\x9c\x88","value":"5:Month"},{"text":"6 \xe4\xb8\xaa\xe6\x9c\x88","value":"6:Month"},{"text":"9 \xe4\xb8\xaa\xe6\x9c\x88","value":"9:Month"},{"text":"1 \xe5\xb9\xb4","value":"1:Year"},{"text":"2 \xe5\xb9\xb4","value":"2:Year"},{"text":"3 \xe5\xb9\xb4","value":"3:Year"}]},"order_num":{"code":"order_num","name":"\xe6\x95\xb0\xe9\x87\x8f","value":{"min":1,"max":99,"step":1,"defaultValue":1,"conversion":1},"options":[{"min":1,"max":99,"step":1,"defaultValue":1,"conversion":1,"disable":true}]}},"goodsAndSpecsType":"merak"},"exts":{"corner":{"key":"corner","title":"\xe8\xa7\x92\xe6\xa0\x87\xe7\xb1\xbb\xe5\x9e\x8b","value":"","order":1,"custom":false,"tip":"\xe5\x8d\xa1\xe7\x89\x87\xe5\x8f\xb3\xe4\xb8\x8a\xe8\xa7\x92\xe7\x9a\x84\xe8\xa7\x92\xe6\xa0\x87\xef\xbc\x88\xe5\xa6\x82\xe6\xb2\xa1\xe6\x9c\x89\xef\xbc\x8c\xe5\x8f\xaf\xe4\xbb\xa5\xe4\xb8\x8d\xe5\xa1\xab\xef\xbc\x89"},"customBuyUrl":{"key":"customBuyUrl","title":"\xe8\x87\xaa\xe5\xae\x9a\xe4\xb9\x89\xe8\xb4\xad\xe4\xb9\xb0\xe9\x93\xbe\xe6\x8e\xa5","order":4,"custom":false,"tip":"\xe9\x85\x8d\xe7\xbd\xae\xe5\x90\x8e\xe5\xb0\x86\xe7\x9b\xb4\xe6\x8e\xa5\xe4\xbd\xbf\xe7\x94\xa8\xe8\xaf\xa5\xe5\x9c\xb0\xe5\x9d\x80\xe8\xb7\xb3\xe8\xbd\xac\xe8\xb4\xad\xe4\xb9\xb0"},"detailUrl":{"key":"detailUrl","title":"\xe8\xaf\xa6\xe6\x83\x85\xe9\xa1\xb5\xe9\x93\xbe\xe6\x8e\xa5","type":"goods","commodityCode":""},"redirectUrl":{"key":"redirectUrl","title":"\xe8\x87\xaa\xe5\xae\x9a\xe4\xb9\x89\xe8\xb7\xb3\xe8\xbd\xac\xe5\x9c\xb0\xe5\x9d\x80","type":"goods","commodityCode":"","placeholder":"\xe7\x94\xa8\xe4\xba\x8e\xe5\x95\x86\xe5\x93\x81\xe5\x8d\xa1\xe7\x89\x87\xe9\x9d\x9e\xe8\xb4\xad\xe4\xb9\xb0\xe5\x9c\xb0\xe5\x9d\x80\xe7\x9a\x84\xe8\xb7\xb3\xe8\xbd\xac\xef\xbc\x88\xe5\xa6\x82\xe6\xb2\xa1\xe6\x9c\x89\xef\xbc\x8c\xe5\x8f\xaf\xe4\xb8\x8d\xe5\xa1\xab\xef\xbc\x89","tip":"\xe7\x94\xa8\xe4\xba\x8e\xe5\x95\x86\xe5\x93\x81\xe5\x8d\xa1\xe7\x89\x87\xe9\x9d\x9e\xe8\xb4\xad\xe4\xb9\xb0\xe5\x9c\xb0\xe5\x9d\x80\xe7\x9a\x84\xe8\xb7\xb3\xe8\xbd\xac\xef\xbc\x88\xe5\xa6\x82\xe6\xb2\xa1\xe6\x9c\x89\xef\xbc\x8c\xe5\x8f\xaf\xe4\xb8\x8d\xe5\xa1\xab\xef\xbc\x89"},"displayImageUrl":{"key":"displayImageUrl","title":"\xe5\x9b\xbe\xe7\x89\x87\xe5\x9c\xb0\xe5\x9d\x80","type":"goods","commodityCode":"","placeholder":"\xe7\x94\xa8\xe4\xba\x8e\xe5\x95\x86\xe5\x93\x81\xe5\x8d\xa1\xe7\x89\x87\xe4\xb8\xad\xe7\x9a\x84\xe5\x9b\xbe\xe7\x89\x87\xe9\x85\x8d\xe7\xbd\xae\xef\xbc\x88\xe5\xa6\x82\xe6\xb2\xa1\xe6\x9c\x89\xef\xbc\x8c\xe5\x8f\xaf\xe4\xb8\x8d\xe5\xa1\xab\xef\xbc\x89","tip":"\xe7\x94\xa8\xe4\xba\x8e\xe5\x95\x86\xe5\x93\x81\xe5\x8d\xa1\xe7\x89\x87\xe4\xb8\xad\xe7\x9a\x84\xe5\x9b\xbe\xe7\x89\x87\xe9\x85\x8d\xe7\xbd\xae\xef\xbc\x88\xe5\xa6\x82\xe6\xb2\xa1\xe6\x9c\x89\xef\xbc\x8c\xe5\x8f\xaf\xe4\xb8\x8d\xe5\xa1\xab\xef\xbc\x89"},"tags":{"key":"tags","title":"\xe8\x90\xa5\xe9\x94\x80\xe6\xa0\x87\xe7\xad\xbe","value":"","order":2,"custom":false},"extraAccessory":{"key":"extraAccessory","title":"\xe8\x90\xa5\xe9\x94\x80\xe8\xa7\x84\xe6\xa0\xbc","value":"SSD\xe4\xba\x91\xe7\x9b\x98:20GB","order":3,"custom":false},"activityId":{"key":"activityId","title":"\xe4\xb8\x87\xe8\x8a\xb1\xe7\xad\x92\xe6\xb4\xbb\xe5\x8a\xa8id","value":"","type":"goods"},"relInfo":[{"id":570,"name":"\xe4\xba\x91\xe6\x95\xb0\xe6\x8d\xae\xe5\xba\x93 RDS MySQL \xe7\x89\x88"}],"crowd":[],"tags_data":{}},"properties":"","feature":"\xe9\xab\x98\xe5\xae\x89\xe5\x85\xa8\xe7\xad\x89\xe7\xba\xa7\xef\xbc\x8c\xe4\xbf\x9d\xe8\xaf\x81\xe6\x95\xb0\xe6\x8d\xae\xe5\xba\x93\xe5\xae\x89\xe5\x85\xa8\xe6\x80\xa7\n\xe5\xa4\x9a\xe7\xa7\x8d\xe9\x83\xa8\xe7\xbd\xb2\xe6\x9e\xb6\xe6\x9e\x84\xef\xbc\x8c\xe6\xbb\xa1\xe8\xb6\xb3\xe5\xa4\x9a\xe7\xb1\xbb\xe5\x8f\xaf\xe7\x94\xa8\xe6\x80\xa7\xe8\xa6\x81\xe6\xb1\x82\n\xe5\x85\x8d\xe5\x8e\xbb90%\xe8\xbf\x90\xe7\xbb\xb4\xe7\x83\xa6\xe6\x81\xbc","scm":null,"parent":0,"groupId":null,"tags":"","price":"\"{\\\"tradePrice\\\":405,\\\"discountPrice\\\":135,\\\"originalPrice\\\":540}\"","itemId":16414,"orderNumber":0.00293232,"deliveryId":5199093,"abFlag":265,"type":"goods","relInfo":[{"infoId":570,"title":"\xe4\xba\x91\xe6\x95\xb0\xe6\x8d\xae\xe5\xba\x93 RDS MySQL \xe7\x89\x88","link":"https://www.aliyun.com/product/rds/mysql","image":"","name":"\xe4\xba\x91\xe6\x95\xb0\xe6\x8d\xae\xe5\xba\x93 RDS MySQL \xe7\x89\x88","description":"\xe5\xae\x8c\xe5\x85\xa8\xe5\x85\xbc\xe5\xae\xb9MySQL\xef\xbc\x8cSQLServer\xef\xbc\x8cPostgreSQL","merakTags":[{"productCode":"mysql"}],"exts":{},"tags":"hot","keywords":"","relById":16414,"relByType":"goods"}],"score":10,"hitInfo":{"product_code":"mysql","score":0,"reason":"c2","hitTags":[]},"sellAbility":["popupbuy","cart"]},{"id":16422,"goodsId":120185168,"productCode":"swas","commodityCode":"swas","name":"\xe8\xbd\xbb\xe9\x87\x8f\xe5\xba\x94\xe7\x94\xa8\xe6\x9c\x8d\xe5\x8a\xa1\xe5\x99\xa8","description":"\xe4\xb8\x80\xe9\x94\xae\xe5\x90\xaf\xe5\x8a\xa8\xe5\xba\x94\xe7\x94\xa8\xef\xbc\x8c\xe9\x80\x82\xe7\x94\xa8\xe4\xb8\xad\xe5\xb0\x8f\xe4\xbc\x81\xe4\xb8\x9a\xe5\xbb\xba\xe7\xab\x99\xe9\x9c\x80\xe6\xb1\x82","accessories":{"mpuIdList":null,"productCode":"swas","commodityCode":"swas","specCode":"swas","defaultValues":[{"exts":{"price":"570","name":"\xe8\xbd\xbb\xe9\x87\x8f\xe5\xba\x94\xe7\x94\xa8\xe6\x9c\x8d\xe5\x8a\xa1\xe5\x99\xa8"},"region":"cn-hangzhou","image_type":"appimage","app_image":"b2542b3988834a378c67a8d7f11ad4de","version_type":"version_8","data_disk":0,"order_num":1,"ord_time":"12:Month","auto_renew":true,"price":{"discountPrice":570,"originalPrice":1140,"tradePrice":570,"price":570,"currency":"CNY"}}],"goodsType":"common","specsType":null,"commodity":{"region":{"code":"region","name":"\xe5\x9c\xb0\xe5\x9f\x9f","value":["cn-hangzhou","cn-beijing","cn-shenzhen","cn-shanghai","cn-qingdao","cn-zhangjiakou","cn-huhehaote","cn-hongkong","ap-southeast-1"],"options":[{"value":"cn-hangzhou","text":"\xe5\x8d\x8e\xe4\xb8\x9c 1 (\xe6\x9d\xad\xe5\xb7\x9e)","tips":"mcms_swas_region_region_cn-hangzhou_remark","checked":true},{"value":"cn-beijing","text":"\xe5\x8d\x8e\xe5\x8c\x97 2 (\xe5\x8c\x97\xe4\xba\xac)","tips":"mcms_swas_region_region_cn-beijing_remark","checked":true},{"value":"cn-shenzhen","text":"\xe5\x8d\x8e\xe5\x8d\x97 1 (\xe6\xb7\xb1\xe5\x9c\xb3)","tips":"mcms_swas_region_region_cn-shenzhen_remark","checked":true},{"value":"cn-shanghai","text":"\xe5\x8d\x8e\xe4\xb8\x9c 2 (\xe4\xb8\x8a\xe6\xb5\xb7)","tips":"mcms_swas_region_region_cn-shanghai_remark","checked":true},{"value":"cn-qingdao","text":"\xe5\x8d\x8e\xe5\x8c\x97 1 (\xe9\x9d\x92\xe5\xb2\x9b)","tips":"mcms_swas_region_region_cn-qingdao_remark","checked":true},{"value":"cn-zhangjiakou","text":"\xe5\x8d\x8e\xe5\x8c\x97 3 (\xe5\xbc\xa0\xe5\xae\xb6\xe5\x8f\xa3)","tips":"mcms_swas_region_region_cn-zhangjiakou_remark","checked":true},{"value":"cn-huhehaote","text":"\xe5\x8d\x8e\xe5\x8c\x975 (\xe5\x91\xbc\xe5\x92\x8c\xe6\xb5\xa9\xe7\x89\xb9)","tips":"mcms_swas_region_region_cn-huhehaote_remark","checked":true},{"value":"cn-hongkong","text":"\xe4\xb8\xad\xe5\x9b\xbd (\xe9\xa6\x99\xe6\xb8\xaf)","tips":"mcms_swas_region_region_cn-hongkong_remark","checked":true},{"value":"ap-southeast-1","text":"\xe4\xba\x9a\xe5\xa4\xaa\xe4\xb8\x9c\xe5\x8d\x97 1 (\xe6\x96\xb0\xe5\x8a\xa0\xe5\x9d\xa1)","tips":"mcms_swas_region_region_ap-southeast-1_remark","checked":true}]},"version_type":{"code":"version_type","name":"\xe5\xa5\x97\xe9\xa4\x90\xe9\x85\x8d\xe7\xbd\xae","value":["version_8","version_9","version_10","version_11"],"options":[{"value":"version_8","text":{"title":"95\xe5\x85\x83/\xe6\x9c\x88","items":[{"name":"CPU","spec":"1\xe6\xa0\xb8"},{"name":"\xe5\x86\x85\xe5\xad\x98","spec":"1GB"},{"name":"SSD","spec":"40GB"},{"name":"\xe9\x99\x90\xe5\xb3\xb0\xe5\x80\xbc\xe5\xb8\xa6\xe5\xae\xbd","spec":"3Mbps"},{"name":"\xe6\xaf\x8f\xe6\x9c\x88\xe6\xb5\x81\xe9\x87\x8f","spec":"500GB"}]},"tips":"mcms_swas_version_type_version_type_version_8_temp_remark","checked":true},{"value":"version_9","text":{"title":"145\xe5\x85\x83/\xe6\x9c\x88","items":[{"name":"CPU","spec":"1\xe6\xa0\xb8"},{"name":"\xe5\x86\x85\xe5\xad\x98","spec":"2GB"},{"name":"SSD","spec":"40GB"},{"name":"\xe9\x99\x90\xe5\xb3\xb0\xe5\x80\xbc\xe5\xb8\xa6\xe5\xae\xbd","spec":"5Mbps"},{"name":"\xe6\xaf\x8f\xe6\x9c\x88\xe6\xb5\x81\xe9\x87\x8f","spec":"1000GB"}]},"tips":"mcms_swas_version_type_version_type_version_9_temp_remark","checked":true},{"value":"version_10","text":{"title":"260\xe5\x85\x83/\xe6\x9c\x88","items":[{"name":"CPU","spec":"2\xe6\xa0\xb8"},{"name":"\xe5\x86\x85\xe5\xad\x98","spec":"4GB"},{"name":"SSD","spec":"60GB"},{"name":"\xe9\x99\x90\xe5\xb3\xb0\xe5\x80\xbc\xe5\xb8\xa6\xe5\xae\xbd","spec":"8Mbps"},{"name":"\xe6\xaf\x8f\xe6\x9c\x88\xe6\xb5\x81\xe9\x87\x8f","spec":"1500GB"}]},"tips":"mcms_swas_version_type_version_type_version_10_temp_remark","checked":true},{"value":"version_11","text":{"title":"360\xe5\x85\x83/\xe6\x9c\x88","items":[{"name":"CPU","spec":"2\xe6\xa0\xb8"},{"name":"\xe5\x86\x85\xe5\xad\x98","spec":"8GB"},{"name":"SSD","spec":"80GB"},{"name":"\xe9\x99\x90\xe5\xb3\xb0\xe5\x80\xbc\xe5\xb8\xa6\xe5\xae\xbd","spec":"10Mbps"},{"name":"\xe6\xaf\x8f\xe6\x9c\x88\xe6\xb5\x81\xe9\x87\x8f","spec":"2000GB"}]},"tips":"mcms_swas_version_type_version_type_version_11_temp_remark","checked":true}]},"data_disk":{"code":"data_disk","name":"\xe6\x95\xb0\xe6\x8d\xae\xe7\x9b\x98","value":{"min":0,"max":"0","step":20,"defaultValue":"0","conversion":1},"options":[{"step":20,"max":16380,"min":0,"defaultValue":"0","unit":"GB","conversion":1,"disable":true}]},"order_num":{"code":"order_num","name":"\xe8\xb4\xad\xe4\xb9\xb0\xe6\x95\xb0\xe9\x87\x8f","value":{"min":1,"max":"100","step":1,"defaultValue":1,"conversion":1},"options":[{"step":1,"max":20,"min":1,"defaultValue":1,"conversion":1,"disable":true}]},"ord_time":{"code":"ord_time","name":"\xe8\xb4\xad\xe4\xb9\xb0\xe6\x97\xb6\xe9\x95\xbf","value":["12:Month","24:Month","36:Month"],"options":[{"value":"12:Month","text":"\xe4\xb8\x80\xe5\xb9\xb4","tips":"mcms_swas_ord_time_ord_time_12:Month_remark","checked":true},{"value":"24:Month","text":"\xe4\xb8\xa4\xe5\xb9\xb4","tips":"mcms_swas_ord_time_ord_time_24:Month_remark","checked":true},{"value":"36:Month","text":"\xe4\xb8\x89\xe5\xb9\xb4","tips":"mcms_swas_ord_time_ord_time_36:Month_remark","checked":true}]},"auto_renew":{"code":"auto_renew","name":"\xe8\x87\xaa\xe5\x8a\xa8\xe7\xbb\xad\xe8\xb4\xb9","value":["true"],"options":[{"value":"true","text":"\xe6\x98\xaf","tips":"mcms_swas_auto_renew_auto_renew_true_remark","checked":true}]}}},"exts":{"corner":{"key":"corner","title":"\xe8\xa7\x92\xe6\xa0\x87\xe7\xb1\xbb\xe5\x9e\x8b","type":"goods","commodityCode":"","tip":"\xe5\x8d\xa1\xe7\x89\x87\xe5\x8f\xb3\xe4\xb8\x8a\xe8\xa7\x92\xe7\x9a\x84\xe8\xa7\x92\xe6\xa0\x87\xef\xbc\x88\xe5\xa6\x82\xe6\xb2\xa1\xe6\x9c\x89\xef\xbc\x8c\xe5\x8f\xaf\xe4\xbb\xa5\xe4\xb8\x8d\xe5\xa1\xab\xef\xbc\x89"},"customBuyUrl":{"key":"customBuyUrl","title":"\xe8\xb4\xad\xe4\xb9\xb0\xe9\x93\xbe\xe6\x8e\xa5","type":"goods","commodityCode":"","placeholder":"\xe9\x9d\x9e\xe6\xa0\x87\xe5\x95\x86\xe5\x93\x81\xe4\xbd\xbf\xe7\x94\xa8","tip":"\xe9\x85\x8d\xe7\xbd\xae\xe5\x90\x8e\xe5\xb0\x86\xe7\x9b\xb4\xe6\x8e\xa5\xe4\xbd\xbf\xe7\x94\xa8\xe8\xaf\xa5\xe5\x9c\xb0\xe5\x9d\x80\xe8\xb7\xb3\xe8\xbd\xac\xe8\xb4\xad\xe4\xb9\xb0"},"detailUrl":{"key":"detailUrl","title":"\xe8\xaf\xa6\xe6\x83\x85\xe9\xa1\xb5\xe9\x93\xbe\xe6\x8e\xa5","type":"goods","commodityCode":""},"redirectUrl":{"key":"redirectUrl","title":"\xe8\x87\xaa\xe5\xae\x9a\xe4\xb9\x89\xe8\xb7\xb3\xe8\xbd\xac\xe5\x9c\xb0\xe5\x9d\x80","type":"goods","commodityCode":"","placeholder":"\xe7\x94\xa8\xe4\xba\x8e\xe5\x95\x86\xe5\x93\x81\xe5\x8d\xa1\xe7\x89\x87\xe9\x9d\x9e\xe8\xb4\xad\xe4\xb9\xb0\xe5\x9c\xb0\xe5\x9d\x80\xe7\x9a\x84\xe8\xb7\xb3\xe8\xbd\xac\xef\xbc\x88\xe5\xa6\x82\xe6\xb2\xa1\xe6\x9c\x89\xef\xbc\x8c\xe5\x8f\xaf\xe4\xb8\x8d\xe5\xa1\xab\xef\xbc\x89","tip":"\xe7\x94\xa8\xe4\xba\x8e\xe5\x95\x86\xe5\x93\x81\xe5\x8d\xa1\xe7\x89\x87\xe9\x9d\x9e\xe8\xb4\xad\xe4\xb9\xb0\xe5\x9c\xb0\xe5\x9d\x80\xe7\x9a\x84\xe8\xb7\xb3\xe8\xbd\xac\xef\xbc\x88\xe5\xa6\x82\xe6\xb2\xa1\xe6\x9c\x89\xef\xbc\x8c\xe5\x8f\xaf\xe4\xb8\x8d\xe5\xa1\xab\xef\xbc\x89"},"displayImageUrl":{"key":"displayImageUrl","title":"\xe5\x9b\xbe\xe7\x89\x87\xe5\x9c\xb0\xe5\x9d\x80","type":"goods","commodityCode":"","placeholder":"\xe7\x94\xa8\xe4\xba\x8e\xe5\x95\x86\xe5\x93\x81\xe5\x8d\xa1\xe7\x89\x87\xe4\xb8\xad\xe7\x9a\x84\xe5\x9b\xbe\xe7\x89\x87\xe9\x85\x8d\xe7\xbd\xae\xef\xbc\x88\xe5\xa6\x82\xe6\xb2\xa1\xe6\x9c\x89\xef\xbc\x8c\xe5\x8f\xaf\xe4\xb8\x8d\xe5\xa1\xab\xef\xbc\x89","tip":"\xe7\x94\xa8\xe4\xba\x8e\xe5\x95\x86\xe5\x93\x81\xe5\x8d\xa1\xe7\x89\x87\xe4\xb8\xad\xe7\x9a\x84\xe5\x9b\xbe\xe7\x89\x87\xe9\x85\x8d\xe7\xbd\xae\xef\xbc\x88\xe5\xa6\x82\xe6\xb2\xa1\xe6\x9c\x89\xef\xbc\x8c\xe5\x8f\xaf\xe4\xb8\x8d\xe5\xa1\xab\xef\xbc\x89"},"tags":{"key":"tags","title":"\xe8\x90\xa5\xe9\x94\x80\xe6\xa0\x87\xe7\xad\xbe","value":"","type":"goods"},"activityId":{"key":"activityId","title":"\xe4\xb8\x87\xe8\x8a\xb1\xe7\xad\x92\xe6\xb4\xbb\xe5\x8a\xa8id","value":"1209525612178584","type":"goods"},"relInfo":[{"id":547,"name":"\xe8\xbd\xbb\xe9\x87\x8f\xe5\xba\x94\xe7\x94\xa8\xe6\x9c\x8d\xe5\x8a\xa1\xe5\x99\xa8"}],"crowd":[]},"properties":"","feature":"1\xe6\xa0\xb81G\n40G SSD\n3M\xe5\xb3\xb0\xe5\x80\xbc\xe5\xb8\xa6\xe5\xae\xbd","scm":null,"parent":0,"groupId":null,"tags":null,"price":"{\"tradePrice\":570,\"discountPrice\":570,\"originalPrice\":1140}","itemId":16422,"orderNumber":0.00292789,"deliveryId":5199093,"abFlag":265,"type":"goods","relInfo":[{"infoId":547,"title":"\xe8\xbd\xbb\xe9\x87\x8f\xe5\xba\x94\xe7\x94\xa8\xe6\x9c\x8d\xe5\x8a\xa1\xe5\x99\xa8","link":"https://www.aliyun.com/product/swas","image":"","name":"\xe8\xbd\xbb\xe9\x87\x8f\xe5\xba\x94\xe7\x94\xa8\xe6\x9c\x8d\xe5\x8a\xa1\xe5\x99\xa8","description":"\xe5\x8f\xaf\xe5\xbf\xab\xe9\x80\x9f\xe6\x90\xad\xe5\xbb\xba\xe4\xb8\x94\xe6\x98\x93\xe4\xba\x8e\xe7\xae\xa1\xe7\x90\x86\xe7\x9a\x84\xe8\xbd\xbb\xe9\x87\x8f\xe7\xba\xa7\xe4\xba\x91\xe6\x9c\x8d\xe5\x8a\xa1\xe5\x99\xa8","merakTags":[{"productCode":"swas"}],"exts":{},"tags":"","keywords":"","relById":16422,"relByType":"goods"}],"score":10,"hitInfo":{"product_code":"swas","score":0,"reason":"c2","hitTags":[]},"sellAbility":["popupbuy","cart"]},{"id":16195,"goodsId":226845929,"productCode":"oss","commodityCode":"ossbag","name":"\xe5\xaf\xb9\xe8\xb1\xa1\xe5\xad\x98\xe5\x82\xa8OSS\xe5\xad\x98\xe5\x82\xa8\xe5\x8c\x85","description":"\xe9\x80\x82\xe5\x90\x88\xe5\x9b\xbe\xe7\x89\x87/\xe9\x9f\xb3\xe8\xa7\x86\xe9\xa2\x91\xe7\xad\x89\xe5\xa4\x9a\xe5\xaa\x92\xe4\xbd\x93\xe6\x95\xb0\xe6\x8d\xae\xe5\xad\x98\xe5\x82\xa8","accessories":{"mpuIdList":null,"productCode":"oss","commodityCode":"ossbag","specCode":"ossbag","defaultValues":[{"exts":{"name":"\xe6\xa0\x87\xe5\x87\x86\xe5\x9e\x8b(LRS)100GB","price":"","discountPrice":"","subTitle":"1\xe5\xb9\xb4"},"ossbag_type":"storage","region":"china-common","ossbag_spec":"100","pack":"FPT_ossbag_absolute_Storage_china_common","ord_time":"1:Year","showtime":"now","price":{"discountPrice":33,"originalPrice":132,"tradePrice":99,"price":99,"currency":"CNY"}},{"exts":{"name":"\xe6\xa0\x87\xe5\x87\x86\xe5\x9e\x8b(LRS)500GB","price":"","discountPrice":"","subTitle":"1\xe5\xb9\xb4"},"ossbag_type":"storage","region":"china-common","ossbag_spec":"500","pack":"FPT_ossbag_absolute_Storage_china_common","ord_time":"1:Year","showtime":"now","price":{"discountPrice":162,"originalPrice":648,"tradePrice":486,"price":486,"currency":"CNY"}},{"exts":{"name":"\xe6\xa0\x87\xe5\x87\x86\xe5\x9e\x8b(LRS)1TB","price":"","discountPrice":"","subTitle":"1\xe5\xb9\xb4"},"ossbag_type":"storage","region":"china-common","ossbag_spec":"1024","pack":"FPT_ossbag_absolute_Storage_china_common","ord_time":"1:Year","showtime":"now","price":{"discountPrice":333,"originalPrice":1332,"tradePrice":999,"price":999,"currency":"CNY"}},{"exts":{"name":"\xe6\xa0\x87\xe5\x87\x86\xe5\x9e\x8b(LRS)2TB","price":"","discountPrice":"","subTitle":"1\xe5\xb9\xb4"},"ossbag_type":"storage","region":"china-common","ossbag_spec":"2048","pack":"FPT_ossbag_absolute_Storage_china_common","ord_time":"1:Year","showtime":"now","price":{"discountPrice":663,"originalPrice":2652,"tradePrice":1989,"price":1989,"currency":"CNY"}},{"exts":{"subTitle":"1\xe5\xb9\xb4","name":"\xe6\xa0\x87\xe5\x87\x86\xe5\x9e\x8b(LRS)5TB","price":"","discountPrice":""},"ossbag_type":"storage","region":"china-common","ossbag_spec":"5120","pack":"FPT_ossbag_absolute_Storage_china_common","ord_time":"1:Year","showtime":"now","price":{"discountPrice":1659,"originalPrice":6636,"tradePrice":4977,"price":4977,"currency":"CNY"}}],"goodsType":"common","specsType":null,"commodity":{"ossbag_type":{"code":"ossbag_type","name":"\xe8\xb5\x84\xe6\xba\x90\xe5\x8c\x85\xe7\xb1\xbb\xe5\x9e\x8b","value":["storage"],"options":[{"value":"storage","text":"\xe6\xa0\x87\xe5\x87\x86(LRS)\xe5\xad\x98\xe5\x82\xa8\xe5\x8c\x85","tips":"\xe6\xa0\x87\xe5\x87\x86\xe5\x9e\x8b\xef\xbc\x88LRS\xef\xbc\x89\xe5\xad\x98\xe5\x82\xa8\xe5\x8c\x85\xe4\xbb\x85\xe9\x80\x82\xe7\x94\xa8\xe4\xba\x8e&lt;font color=\"red\"&gt;\xe6\x8a\xb5\xe6\x89\xa3\xe2\x80\x9c\xe6\xa0\x87\xe5\x87\x86\xe5\x9e\x8b(\xe6\x9c\xac\xe5\x9c\xb0\xe5\x86\x97\xe4\xbd\x99LRS)\xe2\x80\x9d\xe5\x92\x8c\xe2\x80\x9cECS\xe5\xbf\xab\xe7\x85\xa7\xe5\xad\x98\xe5\x82\xa8\xe2\x80\x9d\xe7\x9a\x84\xe5\xad\x98\xe5\x82\xa8\xe5\xae\xb9\xe9\x87\x8f\xe3\x80\x82&lt;/font&gt;\xe5\xa6\x82\xe6\x82\xa8\xe8\xb4\xad\xe4\xb9\xb010TB\xe7\x9a\x84\xe5\x8c\x85\xe4\xb8\x80\xe5\xb9\xb4\xef\xbc\x8c\xe5\x88\x99&lt;font color=\"red\"&gt;\xe6\xaf\x8f\xe4\xb8\xaa\xe6\x9c\x88&lt;/font&gt;\xe6\x9c\x8910TB\xe7\x9a\x84\xe6\xa0\x87\xe5\x87\x86\xe5\xad\x98\xe5\x82\xa8\xef\xbc\x88\xe6\x9c\xac\xe5\x9c\xb0\xe5\x86\x97\xe4\xbd\x99\xe5\x9e\x8b\xef\xbc\x89\xe5\xae\xb9\xe9\x87\x8f\xe5\x8f\xaf\xe6\x8a\xb5\xe6\x89\xa3\xef\xbc\x8c\xe4\xb8\xba\xe6\x9c\x9f\xe4\xb8\x80\xe5\xb9\xb4\xe3\x80\x82\xe8\xb6\x85\xe5\x87\xba\xe9\x83\xa8\xe5\x88\x86\xef\xbc\x8c\xe8\x87\xaa\xe5\x8a\xa8\xe6\x8c\x89\xe9\x87\x8f\xe8\xae\xa1\xe8\xb4\xb9\xe3\x80\x82\xe6\x9c\xac\xe5\x9c\xb0\xe5\x86\x97\xe4\xbd\x99LRS\xef\xbc\x8c\xe4\xbc\x9a\xe5\xb0\x86\xe6\x82\xa8\xe7\x9a\x84\xe6\x95\xb0\xe6\x8d\xae\xe5\x86\x97\xe4\xbd\x99\xe5\xad\x98\xe5\x82\xa8\xe5\x9c\xa8\xe4\xb8\x80\xe4\xb8\xaa\xe5\x8f\xaf\xe7\x94\xa8\xe5\x8c\xba\xe7\x9a\x84\xe5\xa4\x9a\xe4\xb8\xaa\xe8\xae\xbe\xe5\xa4\x87\xe4\xb8\x8a\xef\xbc\x8c\xe5\xbd\x93\xe7\xa3\x81\xe7\x9b\x98\xe6\x88\x96\xe5\xad\x98\xe5\x82\xa8\xe6\x9c\x8d\xe5\x8a\xa1\xe5\x99\xa8\xe6\x95\x85\xe9\x9a\x9c\xe6\x97\xb6\xef\xbc\x8c\xe6\x82\xa8\xe7\x9a\x84\xe6\x95\xb0\xe6\x8d\xae\xe4\xbb\x8d\xe5\x8f\xaf\xe6\xad\xa3\xe5\xb8\xb8\xe8\xae\xbf\xe9\x97\xae\xe3\x80\x82&lt;a href=\"https://help.aliyun.com/document_detail/51374.html\" target=\"_blank\"&gt;&lt;font color=\"blue\"&gt;\xe4\xba\x86\xe8\xa7\xa3\xe5\xad\x98\xe5\x82\xa8\xe7\xb1\xbb\xe5\x9e\x8b&lt;/font&gt;&lt;/a&gt;    &lt;a href=\"https://help.aliyun.com/document_detail/59636.html\" target=\"_blank\"&gt;&lt;font color=\"blue\"&gt;\xe8\xb5\x84\xe6\xba\x90\xe5\x8c\x85\xe4\xbd\xbf\xe7\x94\xa8\xe8\xaf\xb4\xe6\x98\x8e&lt;/font&gt;&lt;/a&gt;","checked":true}]},"region":{"code":"region","name":"\xe5\x9c\xb0\xe5\x9f\x9f","value":["china-common","cn-hangzhou","cn-shanghai","cn-shenzhen","cn-zhangjiakou","cn-beijing","cn-qingdao","cn-huhehaote","cn-chengdu"],"options":[{"value":"china-common","text":"\xe4\xb8\xad\xe5\x9b\xbd\xe5\xa4\xa7\xe9\x99\x86\xe9\x80\x9a\xe7\x94\xa8","tips":"\xe3\x80\x90\xe4\xb8\xad\xe5\x9b\xbd\xe5\xa4\xa7\xe9\x99\x86\xe9\x80\x9a\xe7\x94\xa8\xe3\x80\x91\xe8\xb5\x84\xe6\xba\x90\xe5\x8c\x85\xe5\x8f\xaf\xe5\x90\x8c\xe6\x97\xb6\xe6\x8a\xb5\xe6\x89\xa3\xe4\xb8\xad\xe5\x9b\xbd\xe5\xa4\xa7\xe9\x99\x86\xe8\x8c\x83\xe5\x9b\xb4\xe5\x86\x85\xe7\x9a\x84\xe5\x9c\xb0\xe5\x9f\x9f\xef\xbc\x88\xe5\x8c\x85\xe6\x8b\xac\xe4\xb8\x94\xe4\xb8\x8d\xe9\x99\x90\xe5\x8d\x8e\xe4\xb8\x9c\xe3\x80\x81\xe5\x8d\x8e\xe5\x8d\x97\xe3\x80\x81\xe5\x8d\x8e\xe5\x8c\x97\xe7\xad\x89\xef\xbc\x89","checked":true},{"value":"cn-hangzhou","text":"\xe5\x8d\x8e\xe4\xb8\x9c1(\xe6\x9d\xad\xe5\xb7\x9e)","tips":"mcms_ossbag_region_region_cn-hangzhou_remark","checked":true},{"value":"cn-shanghai","text":"\xe5\x8d\x8e\xe4\xb8\x9c2(\xe4\xb8\x8a\xe6\xb5\xb7)","tips":"mcms_ossbag_region_region_cn-shanghai_remark","checked":true},{"value":"cn-shenzhen","text":"\xe5\x8d\x8e\xe5\x8d\x971(\xe6\xb7\xb1\xe5\x9c\xb3)","tips":"mcms_ossbag_region_region_cn-shenzhen_remark","checked":true},{"value":"cn-zhangjiakou","text":"\xe5\x8d\x8e\xe5\x8c\x973(\xe5\xbc\xa0\xe5\xae\xb6\xe5\x8f\xa3)","tips":"mcms_ossbag_region_region_cn-zhangjiakou_remark","checked":true},{"value":"cn-beijing","text":"\xe5\x8d\x8e\xe5\x8c\x972(\xe5\x8c\x97\xe4\xba\xac)","tips":"mcms_ossbag_region_region_cn-beijing_remark","checked":true},{"value":"cn-qingdao","text":"\xe5\x8d\x8e\xe5\x8c\x971(\xe9\x9d\x92\xe5\xb2\x9b)","tips":"mcms_ossbag_region_region_cn-qingdao_remark","checked":true},{"value":"cn-huhehaote","text":"\xe5\x8d\x8e\xe5\x8c\x975(\xe5\x91\xbc\xe5\x92\x8c\xe6\xb5\xa9\xe7\x89\xb9)","tips":"mcms_ossbag_region_region_cn-huhehaote_remark","checked":true},{"value":"cn-chengdu","text":"\xe8\xa5\xbf\xe5\x8d\x971(\xe6\x88\x90\xe9\x83\xbd)","tips":"mcms_ossbag_region_region_cn-chengdu_remark","checked":true}]},"ossbag_spec":{"code":"ossbag_spec","name":"\xe6\xa0\x87\xe5\x87\x86\xe5\x9e\x8b\xe5\xad\x98\xe5\x82\xa8\xe5\x8c\x85\xe8\xa7\x84\xe6\xa0\xbc","value":["100","500","1024","2048","5120","10240","20480"],"options":[{"value":"100","text":"100GB","tips":"mcms_ossbag_ossbag_spec_ossbag_spec_100_remark","checked":true},{"value":"500","text":"500GB","tips":"mcms_ossbag_ossbag_spec_ossbag_spec_500_remark","checked":true},{"value":"1024","text":"1TB","tips":"mcms_ossbag_ossbag_spec_ossbag_spec_1024_remark","checked":true},{"value":"2048","text":"2TB","tips":"mcms_ossbag_ossbag_spec_ossbag_spec_2048_remark","checked":true},{"value":"5120","text":"5TB","tips":"mcms_ossbag_ossbag_spec_ossbag_spec_5120_remark","checked":true},{"value":"10240","text":"10TB","tips":"mcms_ossbag_ossbag_spec_ossbag_spec_10240_remark","checked":true},{"value":"20480","text":"20TB","tips":"mcms_ossbag_ossbag_spec_ossbag_spec_20480_remark","checked":true}]},"cdn2oss_flowout_spec":{"code":"cdn2oss_flowout_spec","name":"\xe5\x9b\x9e\xe6\xba\x90\xe6\xb5\x81\xe9\x87\x8f\xe5\x8c\x85\xe8\xa7\x84\xe6\xa0\xbc","value":["1024","5120","10240","51200"],"options":[{"value":"1024","text":"1TB","tips":"mcms_ossbag_cdn2oss_flowout_spec_cdn2oss_flowout_spec_1024_remark","checked":true},{"value":"5120","text":"5TB","tips":"mcms_ossbag_cdn2oss_flowout_spec_cdn2oss_flowout_spec_5120_remark","checked":true},{"value":"10240","text":"10TB","tips":"mcms_ossbag_cdn2oss_flowout_spec_cdn2oss_flowout_spec_10240_remark","checked":true},{"value":"51200","text":"50TB","tips":"mcms_ossbag_cdn2oss_flowout_spec_cdn2oss_flowout_spec_51200_remark","checked":true}]},"flowout_spec":{"code":"flowout_spec","name":"\xe4\xb8\x8b\xe8\xa1\x8c\xe6\xb5\x81\xe9\x87\x8f\xe5\x8c\x85\xe8\xa7\x84\xe6\xa0\xbc","value":["0.048828125","0.09765625","0.29296875","0.48828125","1","2","5","10","30","50","100","300","500"],"options":[{"value":"0.048828125","text":"50GB","tips":"mcms_ossbag_flowout_spec_flowout_spec_0.048828125_remark","checked":true},{"value":"0.09765625","text":"100GB","tips":"mcms_ossbag_flowout_spec_flowout_spec_0.09765625_remark","checked":true},{"value":"0.29296875","text":"300GB","tips":"mcms_ossbag_flowout_spec_flowout_spec_0.29296875_remark","checked":true},{"value":"0.48828125","text":"500GB","tips":"mcms_ossbag_flowout_spec_flowout_spec_0.48828125_remark","checked":true},{"value":"1","text":"1TB","tips":"mcms_ossbag_flowout_spec_flowout_spec_1_remark","checked":true},{"value":"2","text":"2TB","tips":"mcms_ossbag_flowout_spec_flowout_spec_2_remark","checked":true},{"value":"5","text":"5TB","tips":"mcms_ossbag_flowout_spec_flowout_spec_5_remark","checked":true},{"value":"10","text":"10TB","tips":"mcms_ossbag_flowout_spec_flowout_spec_10_remark","checked":true},{"value":"30","text":"30TB","tips":"mcms_ossbag_flowout_spec_flowout_spec_30_remark","checked":true},{"value":"50","text":"50TB","tips":"mcms_ossbag_flowout_spec_flowout_spec_50_remark","checked":true},{"value":"100","text":"100TB","tips":"mcms_ossbag_flowout_spec_flowout_spec_100_remark","checked":true},{"value":"300","text":"300TB","tips":"mcms_ossbag_flowout_spec_flowout_spec_300_remark","checked":true},{"value":"500","text":"500TB","tips":"mcms_ossbag_flowout_spec_flowout_spec_500_remark","checked":true}]},"ossbag_storage_ia_lrs_spec":{"code":"ossbag_storage_ia_lrs_spec","name":"\xe4\xbd\x8e\xe9\xa2\x91\xe5\x9e\x8b\xe5\xad\x98\xe5\x82\xa8\xe5\x8c\x85\xe8\xa7\x84\xe6\xa0\xbc","value":["100","500","1024","2048","5120","10240","20480","51200","102400","204800","307200","512000"],"options":[{"value":"100","text":"100GB","tips":"mcms_ossbag_ossbag_storage_ia_lrs_spec_ossbag_storage_ia_lrs_spec_100_remark","checked":true},{"value":"500","text":"500GB","tips":"mcms_ossbag_ossbag_storage_ia_lrs_spec_ossbag_storage_ia_lrs_spec_500_remark","checked":true},{"value":"1024","text":"1TB","tips":"mcms_ossbag_ossbag_storage_ia_lrs_spec_ossbag_storage_ia_lrs_spec_1024_remark","checked":true},{"value":"2048","text":"2TB","tips":"mcms_ossbag_ossbag_storage_ia_lrs_spec_ossbag_storage_ia_lrs_spec_20
[...]
PT_ossbag_absolute_Storage_zjk","FPT_ossbag_absolute_Storage_china_common","FPT_ossbag_absolute_Storage_hhht"],"options":[{"value":"FPT_ossbag_absolute_Storage_hz","text":"\xe6\xa0\x87\xe5\x87\x86\xe5\xad\x98\xe5\x82\xa8\xe5\x8c\x85(\xe5\x8d\x8e\xe4\xb8\x9c1)","tips":"mcms_ossbag_pack_pack_FPT_ossbag_absolute_Storage_hz_remark","checked":true},{"value":"FPT_ossbag_absolute_Storage_sh","text":"\xe6\xa0\x87\xe5\x87\x86\xe5\xad\x98\xe5\x82\xa8\xe5\x8c\x85(\xe5\x8d\x8e\xe4\xb8\x9c2)","tips":"mcms_ossbag_pack_pack_FPT_ossbag_absolute_Storage_sh_remark","checked":true},{"value":"FPT_ossbag_absolute_Storage_sz","text":"\xe6\xa0\x87\xe5\x87\x86\xe5\xad\x98\xe5\x82\xa8\xe5\x8c\x85(\xe5\x8d\x8e\xe5\x8d\x971)","tips":"mcms_ossbag_pack_pack_FPT_ossbag_absolute_Storage_sz_remark","checked":true},{"value":"FPT_ossbag_absolute_Storage_bj","text":"\xe6\xa0\x87\xe5\x87\x86\xe5\xad\x98\xe5\x82\xa8\xe5\x8c\x85(\xe5\x8d\x8e\xe5\x8c\x972)","tips":"mcms_ossbag_pack_pack_FPT_ossbag_absolute_Storage_bj_remark","checked":true},{"value":"FPT_ossbag_absolute_Storage_qd","text":"\xe6\xa0\x87\xe5\x87\x86\xe5\xad\x98\xe5\x82\xa8\xe5\x8c\x85(\xe5\x8d\x8e\xe5\x8c\x971)","tips":"mcms_ossbag_pack_pack_FPT_ossbag_absolute_Storage_qd_remark","checked":true},{"value":"FPT_ossbag_absolute_Storage_zjk","text":"\xe6\xa0\x87\xe5\x87\x86\xe5\xad\x98\xe5\x82\xa8\xe5\x8c\x85(\xe5\x8d\x8e\xe5\x8c\x973)","tips":"mcms_ossbag_pack_pack_FPT_ossbag_absolute_Storage_zjk_remark","checked":true},{"value":"FPT_ossbag_absolute_Storage_china_common","text":"\xe6\xa0\x87\xe5\x87\x86\xe5\xad\x98\xe5\x82\xa8\xe5\x8c\x85(\xe4\xb8\xad\xe5\x9b\xbd\xe5\xa4\xa7\xe9\x99\x86)","tips":"mcms_ossbag_pack_pack_FPT_ossbag_absolute_Storage_china_common_remark","checked":true},{"value":"FPT_ossbag_absolute_Storage_hhht","text":"\xe6\xa0\x87\xe5\x87\x86\xe5\xad\x98\xe5\x82\xa8\xe5\x8c\x85(\xe5\x8d\x8e\xe5\x8c\x975)","tips":"mcms_ossbag_pack_pack_FPT_ossbag_absolute_Storage_hhht_remark","checked":true}]},"request_spec":{"code":"request_spec","name":"\xe8\xaf\xb7\xe6\xb1\x82\xe5\x8c\x85\xe8\xa7\x84\xe6\xa0\xbc","value":["1000","10000","100000","1000000","10000000"],"options":[{"value":"1000","text":"1000\xe4\xb8\x87","tips":"mcms_ossbag_request_spec_request_spec_1000_remark","checked":true},{"value":"10000","text":"1\xe4\xba\xbf","tips":"mcms_ossbag_request_spec_request_spec_10000_remark","checked":true},{"value":"100000","text":"10\xe4\xba\xbf","tips":"mcms_ossbag_request_spec_request_spec_100000_remark","checked":true},{"value":"1000000","text":"100\xe4\xba\xbf","tips":"mcms_ossbag_request_spec_request_spec_1000000_remark","checked":true},{"value":"10000000","text":"1000\xe4\xba\xbf","tips":"mcms_ossbag_request_spec_request_spec_10000000_remark","checked":true}]},"transfer_accelerate_bag_spec":{"code":"transfer_accelerate_bag_spec","name":"\xe4\xbc\xa0\xe8\xbe\x93\xe5\x8a\xa0\xe9\x80\x9f\xe5\x8c\x85","value":["500","1024","2048","5120","10240","20480","51200","102400","204800","307200","512000","1048576","2097152","5242880"],"options":[{"value":"500","text":"500GB","tips":"mcms_ossbag_transfer_accelerate_bag_spec_transfer_accelerate_bag_spec_500_remark","checked":true},{"value":"1024","text":"1TB","tips":"mcms_ossbag_transfer_accelerate_bag_spec_transfer_accelerate_bag_spec_1024_remark","checked":true},{"value":"2048","text":"2TB","tips":"mcms_ossbag_transfer_accelerate_bag_spec_transfer_accelerate_bag_spec_2048_remark","checked":true},{"value":"5120","text":"5TB","tips":"mcms_ossbag_transfer_accelerate_bag_spec_transfer_accelerate_bag_spec_5120_remark","checked":true},{"value":"10240","text":"10TB","tips":"mcms_ossbag_transfer_accelerate_bag_spec_transfer_accelerate_bag_spec_10240_remark","checked":true},{"value":"20480","text":"20TB","tips":"mcms_ossbag_transfer_accelerate_bag_spec_transfer_accelerate_bag_spec_20480_remark","checked":true},{"value":"51200","text":"50TB","tips":"mcms_ossbag_transfer_accelerate_bag_spec_transfer_accelerate_bag_spec_51200_remark","checked":true},{"value":"102400","text":"100TB","tips":"mcms_ossbag_transfer_accelerate_bag_spec_transfer_accelerate_bag_spec_102400_remark","checked":true},{"value":"204800","text":"200TB","tips":"mcms_ossbag_transfer_accelerate_bag_spec_transfer_accelerate_bag_spec_204800_remark","checked":true},{"value":"307200","text":"300TB","tips":"mcms_ossbag_transfer_accelerate_bag_spec_transfer_accelerate_bag_spec_307200_remark","checked":true},{"value":"512000","text":"500TB","tips":"mcms_ossbag_transfer_accelerate_bag_spec_transfer_accelerate_bag_spec_512000_remark","checked":true},{"value":"1048576","text":"1PB","tips":"mcms_ossbag_transfer_accelerate_bag_spec_transfer_accelerate_bag_spec_1048576_remark","checked":true},{"value":"2097152","text":"2PB","tips":"mcms_ossbag_transfer_accelerate_bag_spec_transfer_accelerate_bag_spec_2097152_remark","checked":true},{"value":"5242880","text":"5PB","tips":"mcms_ossbag_transfer_accelerate_bag_spec_transfer_accelerate_bag_spec_5242880_remark","checked":true}]},"std_zrs_storage_bag_spec":{"code":"std_zrs_storage_bag_spec","name":"\xe6\xa0\x87\xe5\x87\x86(ZRS)\xe5\xad\x98\xe5\x82\xa8\xe7\xa9\xba\xe9\x97\xb4\xe5\x8c\x85\xe8\xa7\x84\xe6\xa0\xbc","value":["100","500","1024","2048","5120","10240","20480","51200","102400","204800","307200","512000","1048576"],"options":[{"value":"100","text":"100GB","tips":"mcms_ossbag_std_zrs_storage_bag_spec_std_zrs_storage_bag_spec_100_remark","checked":true},{"value":"500","text":"500GB","tips":"mcms_ossbag_std_zrs_storage_bag_spec_std_zrs_storage_bag_spec_500_remark","checked":true},{"value":"1024","text":"1TB","tips":"mcms_ossbag_std_zrs_storage_bag_spec_std_zrs_storage_bag_spec_1024_remark","checked":true},{"value":"2048","text":"2TB","tips":"mcms_ossbag_std_zrs_storage_bag_spec_std_zrs_storage_bag_spec_2048_remark","checked":true},{"value":"5120","text":"5TB","tips":"mcms_ossbag_std_zrs_storage_bag_spec_std_zrs_storage_bag_spec_5120_remark","checked":true},{"value":"10240","text":"10TB","tips":"mcms_ossbag_std_zrs_storage_bag_spec_std_zrs_storage_bag_spec_10240_remark","checked":true},{"value":"20480","text":"20TB","tips":"mcms_ossbag_std_zrs_storage_bag_spec_std_zrs_storage_bag_spec_20480_remark","checked":true},{"value":"51200","text":"50TB","tips":"mcms_ossbag_std_zrs_storage_bag_spec_std_zrs_storage_bag_spec_51200_remark","checked":true},{"value":"102400","text":"100TB","tips":"mcms_ossbag_std_zrs_storage_bag_spec_std_zrs_storage_bag_spec_102400_remark","checked":true},{"value":"204800","text":"200TB","tips":"mcms_ossbag_std_zrs_storage_bag_spec_std_zrs_storage_bag_spec_204800_remark","checked":true},{"value":"307200","text":"300TB","tips":"mcms_ossbag_std_zrs_storage_bag_spec_std_zrs_storage_bag_spec_307200_remark","checked":true},{"value":"512000","text":"500TB","tips":"mcms_ossbag_std_zrs_storage_bag_spec_std_zrs_storage_bag_spec_512000_remark","checked":true},{"value":"1048576","text":"1PB","tips":"mcms_ossbag_std_zrs_storage_bag_spec_std_zrs_storage_bag_spec_1048576_remark","checked":true}]},"ia_zrs_storage_bag_spec":{"code":"ia_zrs_storage_bag_spec","name":"\xe4\xbd\x8e\xe9\xa2\x91(3AZ)\xe5\xad\x98\xe5\x82\xa8\xe7\xa9\xba\xe9\x97\xb4\xe5\x8c\x85\xe8\xa7\x84\xe6\xa0\xbc","value":["100","500","1024","2048","5120","10240","20480","51200","102400","204800","307200","512000","1048576"],"options":[{"value":"100","text":"100GB","tips":"mcms_ossbag_ia_zrs_storage_bag_spec_ia_zrs_storage_bag_spec_100_remark","checked":true},{"value":"500","text":"500GB","tips":"mcms_ossbag_ia_zrs_storage_bag_spec_ia_zrs_storage_bag_spec_500_remark","checked":true},{"value":"1024","text":"1TB","tips":"mcms_ossbag_ia_zrs_storage_bag_spec_ia_zrs_storage_bag_spec_1024_remark","checked":true},{"value":"2048","text":"2TB","tips":"mcms_ossbag_ia_zrs_storage_bag_spec_ia_zrs_storage_bag_spec_2048_remark","checked":true},{"value":"5120","text":"5TB","tips":"mcms_ossbag_ia_zrs_storage_bag_spec_ia_zrs_storage_bag_spec_5120_remark","checked":true},{"value":"10240","text":"10TB","tips":"mcms_ossbag_ia_zrs_storage_bag_spec_ia_zrs_storage_bag_spec_10240_remark","checked":true},{"value":"20480","text":"20TB","tips":"mcms_ossbag_ia_zrs_storage_bag_spec_ia_zrs_storage_bag_spec_20480_remark","checked":true},{"value":"51200","text":"50TB","tips":"mcms_ossbag_ia_zrs_storage_bag_spec_ia_zrs_storage_bag_spec_51200_remark","checked":true},{"value":"102400","text":"100TB","tips":"mcms_ossbag_ia_zrs_storage_bag_spec_ia_zrs_storage_bag_spec_102400_remark","checked":true},{"value":"204800","text":"200TB","tips":"mcms_ossbag_ia_zrs_storage_bag_spec_ia_zrs_storage_bag_spec_204800_remark","checked":true},{"value":"307200","text":"300TB","tips":"mcms_ossbag_ia_zrs_storage_bag_spec_ia_zrs_storage_bag_spec_307200_remark","checked":true},{"value":"512000","text":"500TB","tips":"mcms_ossbag_ia_zrs_storage_bag_spec_ia_zrs_storage_bag_spec_512000_remark","checked":true},{"value":"1048576","text":"1PB","tips":"mcms_ossbag_ia_zrs_storage_bag_spec_ia_zrs_storage_bag_spec_1048576_remark","checked":true}]},"oss_storage_vip_spec":{"code":"oss_storage_vip_spec","name":"LRS\xe5\xad\x98\xe5\x82\xa8\xe7\xa9\xba\xe9\x97\xb4\xe5\x8c\x85(VIP\xe7\x89\x88)","value":["10485760","20971520","31457280","41943040","52428800","62914560","73400320","83886080","94371840","104857600","115343360","125829120","136314880","146800640","157286400","167772160","178257920","188743680","199229440","209715200","220200960","230686720","241172480","251658240","262144000","272629760","283115520","293601280","304087040","314572800"],"options":[{"value":"10485760","text":"10PB","tips":"mcms_ossbag_oss_storage_vip_spec_oss_storage_vip_spec_10485760_remark","checked":true},{"value":"20971520","text":"20PB","tips":"mcms_ossbag_oss_storage_vip_spec_oss_storage_vip_spec_20971520_remark","checked":true},{"value":"31457280","text":"30PB","tips":"mcms_ossbag_oss_storage_vip_spec_oss_storage_vip_spec_31457280_remark","checked":true},{"value":"41943040","text":"40PB","tips":"mcms_ossbag_oss_storage_vip_spec_oss_storage_vip_spec_41943040_remark","checked":true},{"value":"52428800","text":"50PB","tips":"mcms_ossbag_oss_storage_vip_spec_oss_storage_vip_spec_52428800_remark","checked":true},{"value":"62914560","text":"60PB","tips":"mcms_ossbag_oss_storage_vip_spec_oss_storage_vip_spec_62914560_remark","checked":true},{"value":"73400320","text":"70PB","tips":"mcms_ossbag_oss_storage_vip_spec_oss_storage_vip_spec_73400320_remark","checked":true},{"value":"83886080","text":"80PB","tips":"mcms_ossbag_oss_storage_vip_spec_oss_storage_vip_spec_83886080_remark","checked":true},{"value":"94371840","text":"90PB","tips":"mcms_ossbag_oss_storage_vip_spec_oss_storage_vip_spec_94371840_remark","checked":true},{"value":"104857600","text":"100PB","tips":"mcms_ossbag_oss_storage_vip_spec_oss_storage_vip_spec_104857600_remark","checked":true},{"value":"115343360","text":"110PB","tips":"mcms_ossbag_oss_storage_vip_spec_oss_storage_vip_spec_115343360_remark","checked":true},{"value":"125829120","text":"120PB","tips":"mcms_ossbag_oss_storage_vip_spec_oss_storage_vip_spec_125829120_remark","checked":true},{"value":"136314880","text":"130PB","tips":"mcms_ossbag_oss_storage_vip_spec_oss_storage_vip_spec_136314880_remark","checked":true},{"value":"146800640","text":"140PB","tips":"mcms_ossbag_oss_storage_vip_spec_oss_storage_vip_spec_146800640_remark","checked":true},{"value":"157286400","text":"150PB","tips":"mcms_ossbag_oss_storage_vip_spec_oss_storage_vip_spec_157286400_remark","checked":true},{"value":"167772160","text":"160PB","tips":"mcms_ossbag_oss_storage_vip_spec_oss_storage_vip_spec_167772160_remark","checked":true},{"value":"178257920","text":"170PB","tips":"mcms_ossbag_oss_storage_vip_spec_oss_storage_vip_spec_178257920_remark","checked":true},{"value":"188743680","text":"180PB","tips":"mcms_ossbag_oss_storage_vip_spec_oss_storage_vip_spec_188743680_remark","checked":true},{"value":"199229440","text":"190PB","tips":"mcms_ossbag_oss_storage_vip_spec_oss_storage_vip_spec_199229440_remark","checked":true},{"value":"209715200","text":"200PB","tips":"mcms_ossbag_oss_storage_vip_spec_oss_storage_vip_spec_209715200_remark","checked":true},{"value":"220200960","text":"210PB","tips":"mcms_ossbag_oss_storage_vip_spec_oss_storage_vip_spec_220200960_remark","checked":true},{"value":"230686720","text":"220PB","tips":"mcms_ossbag_oss_storage_vip_spec_oss_storage_vip_spec_230686720_remark","checked":true},{"value":"241172480","text":"230PB","tips":"mcms_ossbag_oss_storage_vip_spec_oss_storage_vip_spec_241172480_remark","checked":true},{"value":"251658240","text":"240PB","tips":"mcms_ossbag_oss_storage_vip_spec_oss_storage_vip_spec_251658240_remark","checked":true},{"value":"262144000","text":"250PB","tips":"mcms_ossbag_oss_storage_vip_spec_oss_storage_vip_spec_262144000_remark","checked":true},{"value":"272629760","text":"260PB","tips":"mcms_ossbag_oss_storage_vip_spec_oss_storage_vip_spec_272629760_remark","checked":true},{"value":"283115520","text":"270PB","tips":"mcms_ossbag_oss_storage_vip_spec_oss_storage_vip_spec_283115520_remark","checked":true},{"value":"293601280","text":"280PB","tips":"mcms_ossbag_oss_storage_vip_spec_oss_storage_vip_spec_293601280_remark","checked":true},{"value":"304087040","text":"290PB","tips":"mcms_ossbag_oss_storage_vip_spec_oss_storage_vip_spec_304087040_remark","checked":true},{"value":"314572800","text":"300PB","tips":"mcms_ossbag_oss_storage_vip_spec_oss_storage_vip_spec_314572800_remark","checked":true}]},"ord_time":{"code":"ord_time","name":"\xe8\xb4\xad\xe4\xb9\xb0\xe6\x97\xb6\xe9\x95\xbf","value":["1:Year","2:Year","3:Year","4:Year","5:Year"],"options":[{"value":"1:Year","text":"1\xe5\xb9\xb4","tips":"mcms_ossbag_ord_time_ord_time_1:Year_remark","checked":true},{"value":"2:Year","text":"2\xe5\xb9\xb4","tips":"mcms_ossbag_ord_time_ord_time_2:Year_remark","checked":true},{"value":"3:Year","text":"3\xe5\xb9\xb4","tips":"mcms_ossbag_ord_time_ord_time_3:Year_remark","checked":true},{"value":"4:Year","text":"4\xe5\xb9\xb4","tips":"mcms_ossbag_ord_time_ord_time_4:Year_remark","checked":true},{"value":"5:Year","text":"5\xe5\xb9\xb4","tips":"mcms_ossbag_ord_time_ord_time_5:Year_remark","checked":true}]},"showtime":{"code":"showtime","name":"\xe5\xbc\x80\xe9\x80\x9a\xe6\x97\xb6\xe9\x97\xb4\xe9\x80\x89\xe6\x8b\xa9","value":["now"],"options":[{"value":"now","text":"\xe6\x94\xaf\xe4\xbb\x98\xe5\x90\x8e\xe7\xab\x8b\xe5\x8d\xb3\xe5\xbc\x80\xe9\x80\x9a","tips":"mcms_ossbag_showtime_showtime_now_remark","checked":true}]},"aliyun_open_time":{"code":"aliyun_open_time","name":"\xe6\x8c\x87\xe5\xae\x9a\xe6\x97\xb6\xe9\x97\xb4","value":[{"value":"aliyun_open_time","text":"\xe6\x8c\x87\xe5\xae\x9a\xe6\x97\xb6\xe9\x97\xb4","tips":"mcms_ossbag_aliyun_open_time_aliyun_open_time_aliyun_open_time_remark"}],"options":[{"value":"aliyun_open_time","text":"\xe6\x8c\x87\xe5\xae\x9a\xe6\x97\xb6\xe9\x97\xb4","tips":"mcms_ossbag_aliyun_open_time_aliyun_open_time_aliyun_open_time_remark"}]}},"goodsAndSpecsType":"common","goodsAndSpecsCommonType":"yunmarket"},"exts":{"corner":{"key":"corner","title":"\xe8\xa7\x92\xe6\xa0\x87\xe7\xb1\xbb\xe5\x9e\x8b","value":"HOT","type":"goods","commodityCode":"","tip":"\xe5\x8d\xa1\xe7\x89\x87\xe5\x8f\xb3\xe4\xb8\x8a\xe8\xa7\x92\xe7\x9a\x84\xe8\xa7\x92\xe6\xa0\x87\xef\xbc\x88\xe5\xa6\x82\xe6\xb2\xa1\xe6\x9c\x89\xef\xbc\x8c\xe5\x8f\xaf\xe4\xbb\xa5\xe4\xb8\x8d\xe5\xa1\xab\xef\xbc\x89"},"customBuyUrl":{"key":"customBuyUrl","title":"\xe8\xb4\xad\xe4\xb9\xb0\xe9\x93\xbe\xe6\x8e\xa5(\xe9\x9d\x9e\xe6\xa0\x87\xe5\x95\x86\xe5\x93\x81\xe4\xbd\xbf\xe7\x94\xa8)","type":"goods","commodityCode":"","tip":"\xe9\x85\x8d\xe7\xbd\xae\xe5\x90\x8e\xe5\xb0\x86\xe7\x9b\xb4\xe6\x8e\xa5\xe4\xbd\xbf\xe7\x94\xa8\xe8\xaf\xa5\xe5\x9c\xb0\xe5\x9d\x80\xe8\xb7\xb3\xe8\xbd\xac\xe8\xb4\xad\xe4\xb9\xb0"},"detailUrl":{"_id":"2178d8f9-dea7-4c5e-7166-cb4ce592305e","key":"detailUrl","title":"\xe8\xaf\xa6\xe6\x83\x85\xe9\xa1\xb5\xe9\x93\xbe\xe6\x8e\xa5","value":"https://www.aliyun.com/product/oss","type":"goods","commodityCode":""},"redirectUrl":{"key":"redirectUrl","title":"\xe8\x87\xaa\xe5\xae\x9a\xe4\xb9\x89\xe8\xb7\xb3\xe8\xbd\xac\xe5\x9c\xb0\xe5\x9d\x80","value":"https://www.aliyun.com/product/oss","type":"goods","commodityCode":"","placeholder":"\xe7\x94\xa8\xe4\xba\x8e\xe5\x95\x86\xe5\x93\x81\xe5\x8d\xa1\xe7\x89\x87\xe9\x9d\x9e\xe8\xb4\xad\xe4\xb9\xb0\xe5\x9c\xb0\xe5\x9d\x80\xe7\x9a\x84\xe8\xb7\xb3\xe8\xbd\xac\xef\xbc\x88\xe5\xa6\x82\xe6\xb2\xa1\xe6\x9c\x89\xef\xbc\x8c\xe5\x8f\xaf\xe4\xb8\x8d\xe5\xa1\xab\xef\xbc\x89","tip":"\xe7\x94\xa8\xe4\xba\x8e\xe5\x95\x86\xe5\x93\x81\xe5\x8d\xa1\xe7\x89\x87\xe9\x9d\x9e\xe8\xb4\xad\xe4\xb9\xb0\xe5\x9c\xb0\xe5\x9d\x80\xe7\x9a\x84\xe8\xb7\xb3\xe8\xbd\xac\xef\xbc\x88\xe5\xa6\x82\xe6\xb2\xa1\xe6\x9c\x89\xef\xbc\x8c\xe5\x8f\xaf\xe4\xb8\x8d\xe5\xa1\xab\xef\xbc\x89"},"displayImageUrl":{"key":"displayImageUrl","title":"\xe5\x9b\xbe\xe7\x89\x87\xe5\x9c\xb0\xe5\x9d\x80","type":"goods","commodityCode":"","placeholder":"\xe7\x94\xa8\xe4\xba\x8e\xe5\x95\x86\xe5\x93\x81\xe5\x8d\xa1\xe7\x89\x87\xe4\xb8\xad\xe7\x9a\x84\xe5\x9b\xbe\xe7\x89\x87\xe9\x85\x8d\xe7\xbd\xae\xef\xbc\x88\xe5\xa6\x82\xe6\xb2\xa1\xe6\x9c\x89\xef\xbc\x8c\xe5\x8f\xaf\xe4\xb8\x8d\xe5\xa1\xab\xef\xbc\x89","tip":"\xe7\x94\xa8\xe4\xba\x8e\xe5\x95\x86\xe5\x93\x81\xe5\x8d\xa1\xe7\x89\x87\xe4\xb8\xad\xe7\x9a\x84\xe5\x9b\xbe\xe7\x89\x87\xe9\x85\x8d\xe7\xbd\xae\xef\xbc\x88\xe5\xa6\x82\xe6\xb2\xa1\xe6\x9c\x89\xef\xbc\x8c\xe5\x8f\xaf\xe4\xb8\x8d\xe5\xa1\xab\xef\xbc\x89"},"tags":{"key":"tags","title":"\xe8\x90\xa5\xe9\x94\x80\xe6\xa0\x87\xe7\xad\xbe","value":"","type":"goods"},"extraAccessory":{"key":"extraAccessory","title":"\xe8\x90\xa5\xe9\x94\x80\xe8\xa7\x84\xe6\xa0\xbc","value":"","type":"goods","commodityCode":""},"activityId":{"key":"activityId","title":"\xe4\xb8\x87\xe8\x8a\xb1\xe7\xad\x92\xe6\xb4\xbb\xe5\x8a\xa8id","value":"","type":"goods"},"relInfo":[{"id":562,"name":"\xe5\xaf\xb9\xe8\xb1\xa1\xe5\xad\x98\xe5\x82\xa8 OSS"}],"crowd":[]},"properties":"","feature":"\xe6\xb7\xb1\xe5\xba\xa6\xe9\x9b\x86\xe6\x88\x90\xe6\x95\xb0\xe6\x8d\xae\xe5\xa4\x84\xe7\x90\x86\xe6\x9c\x8d\xe5\x8a\xa1\n\xe7\x94\x9f\xe5\x91\xbd\xe5\x91\xa8\xe6\x9c\x9f\xe7\xae\xa1\xe7\x90\x86\xe9\x99\x8d\xe4\xbd\x8e\xe6\x88\x90\xe6\x9c\xac","scm":null,"parent":0,"groupId":null,"tags":null,"price":"{\"tradePrice\":99,\"discountPrice\":33,\"originalPrice\":132}","itemId":16195,"orderNumber":0.00291454,"deliveryId":5199093,"abFlag":265,"type":"goods","relInfo":[{"infoId":562,"title":"\xe5\xaf\xb9\xe8\xb1\xa1\xe5\xad\x98\xe5\x82\xa8 OSS","link":"https://www.aliyun.com/product/oss","image":"","name":"\xe5\xaf\xb9\xe8\xb1\xa1\xe5\xad\x98\xe5\x82\xa8 OSS","description":"\xe6\xaf\x94\xe4\xbc\xa0\xe7\xbb\x9f\xe5\xad\x98\xe5\x82\xa8\xe6\x88\x90\xe6\x9c\xac\xe4\xb8\x8b\xe9\x99\x8d25%~75%\xe7\x9a\x84\xe5\xbc\xba\xe5\xae\x89\xe5\x85\xa8\xe4\xbc\x81\xe4\xb8\x9a\xe7\xba\xa7\xe5\xad\x98\xe5\x82\xa8","merakTags":[{"productCode":"oss","commodityCode":"ossbag","specCode":"ossbag"}],"exts":{},"tags":"hot","keywords":"","relById":16195,"relByType":"goods"}],"score":10,"hitInfo":{"product_code":"oss","score":0,"reason":"c2","hitTags":[]},"sellAbility":["popupbuy","cart"]}],"infoList":null,"pageInfo":null,"version":23031,"abFlag":265,"bucketId":265},"dataExt":null}</msg>
<status status="PASS" starttime="20210816 09:44:10.063" endtime="20210816 09:44:10.076"></status>
</kw>
<status status="PASS" starttime="20210816 09:44:08.165" endtime="20210816 09:44:10.076" critical="yes"></status>
</test>
<doc>Suite description</doc>
<status status="PASS" starttime="20210816 09:44:07.501" endtime="20210816 09:44:10.077"></status>
</suite>
<statistics>
<total>
<stat pass="3" fail="0">Critical Tests</stat>
<stat pass="3" fail="0">All Tests</stat>
</total>
<tag>
<stat pass="1" fail="0">DEMO</stat>
</tag>
<suite>
<stat pass="3" fail="0" id="s1" name="testSuite">testSuite</stat>
</suite>
</statistics>
<errors>
<msg timestamp="20210816 09:44:08.167" level="WARN">Keyword 'RequestsLibrary.Get Request' is deprecated. Please use `GET On Session` instead.</msg>
</errors>
</robot>
